---------------------------------------------------------------
[ 2018-12-22T23:57:22+08:00 ] 127.0.0.1 POST jusha.com/admin/index/clear.html
[运行时间：0.449796s] [吞吐率：2.22req/s] [内存消耗：3,727.09kb] [文件加载：76]
[ info ] [ LANG ] E:\phpStudy\WWW\jusha\thinkphp\lang\zh-cn.php
[ info ] [ LANG ] E:\phpStudy\WWW\jusha\application\admin\\lang\zh-cn.php
[ info ] [ ROUTE ] array (
)
[ info ] [ HEADER ] array (
  'cookie' => 'PHPSESSID=7s7hesqoefuq9282n9rq3bsh11',
  'accept-language' => 'zh-CN,zh;q=0.9',
  'accept-encoding' => 'gzip, deflate',
  'referer' => 'http://jusha.com/admin/index/index.html',
  'user-agent' => 'Mozilla/5.0 (Windows NT 10.0; WOW64) AppleWebKit/537.36 (KHTML, like Gecko) Chrome/70.0.3538.77 Safari/537.36',
  'x-requested-with' => 'XMLHttpRequest',
  'origin' => 'http://jusha.com',
  'accept' => '*/*',
  'content-length' => '0',
  'connection' => 'close',
  'host' => 'jusha.com',
)
[ info ] [ PARAM ] array (
)
[ info ] [ DB ] INIT mysql
[ info ] [ DB ] INIT mysql
[ info ] [ DB ] INIT mysql
[ info ] [ DB ] INIT mysql
[ info ] [ DB ] INIT mysql
[ info ] [ DB ] INIT mysql
[ info ] [ DB ] INIT mysql
[ info ] [ DB ] INIT mysql
[ info ] [ DB ] INIT mysql
[ info ] [ DB ] INIT mysql
[ info ] [ DB ] INIT mysql
[ info ] [ DB ] INIT mysql
[ info ] [ DB ] INIT mysql
[ info ] [ DB ] INIT mysql
[ sql ] [ DB ] CONNECT:[ UseTime:0.004229s ] mysql:host=127.0.0.1;port=3306;dbname=jusha;charset=utf8
[ sql ] [ SQL ] SHOW COLUMNS FROM `clt_module` [ RunTime:0.021764s ]
[ sql ] [ SQL ] SELECT * FROM `clt_module` ORDER BY `sort` [ RunTime:0.000855s ]
[ sql ] [ DB ] CONNECT:[ UseTime:0.004157s ] mysql:host=127.0.0.1;port=3306;dbname=jusha;charset=utf8
[ sql ] [ SQL ] SHOW COLUMNS FROM `clt_auth_rule` [ RunTime:0.021437s ]
[ sql ] [ SQL ] SELECT * FROM `clt_auth_rule` ORDER BY `sort` [ RunTime:0.001591s ]
[ sql ] [ DB ] CONNECT:[ UseTime:0.004133s ] mysql:host=127.0.0.1;port=3306;dbname=jusha;charset=utf8
[ sql ] [ SQL ] SHOW COLUMNS FROM `clt_category` [ RunTime:0.020554s ]
[ sql ] [ SQL ] SELECT * FROM `clt_category` ORDER BY `sort` [ RunTime:0.001112s ]
[ sql ] [ DB ] CONNECT:[ UseTime:0.004348s ] mysql:host=127.0.0.1;port=3306;dbname=jusha;charset=utf8
[ sql ] [ SQL ] SHOW COLUMNS FROM `clt_posid` [ RunTime:0.020502s ]
[ sql ] [ SQL ] SELECT * FROM `clt_posid` ORDER BY `sort` [ RunTime:0.000540s ]
[ sql ] [ DB ] CONNECT:[ UseTime:0.012836s ] mysql:host=127.0.0.1;port=3306;dbname=jusha;charset=utf8
[ sql ] [ SQL ] SHOW COLUMNS FROM `clt_field` [ RunTime:0.021777s ]
[ sql ] [ SQL ] SELECT * FROM `clt_field` WHERE  ( moduleid=1 ) ORDER BY `sort` [ RunTime:0.000969s ]
[ sql ] [ DB ] CONNECT:[ UseTime:0.004147s ] mysql:host=127.0.0.1;port=3306;dbname=jusha;charset=utf8
[ sql ] [ SQL ] SELECT * FROM `clt_field` WHERE  ( moduleid=2 ) ORDER BY `sort` [ RunTime:0.000842s ]
[ sql ] [ DB ] CONNECT:[ UseTime:0.004665s ] mysql:host=127.0.0.1;port=3306;dbname=jusha;charset=utf8
[ sql ] [ SQL ] SELECT * FROM `clt_field` WHERE  ( moduleid=3 ) ORDER BY `sort` [ RunTime:0.000898s ]
[ sql ] [ DB ] CONNECT:[ UseTime:0.006129s ] mysql:host=127.0.0.1;port=3306;dbname=jusha;charset=utf8
[ sql ] [ SQL ] SELECT * FROM `clt_field` WHERE  ( moduleid=24 ) ORDER BY `sort` [ RunTime:0.000906s ]
[ sql ] [ DB ] CONNECT:[ UseTime:0.004605s ] mysql:host=127.0.0.1;port=3306;dbname=jusha;charset=utf8
[ sql ] [ SQL ] SELECT * FROM `clt_field` WHERE  ( moduleid=5 ) ORDER BY `sort` [ RunTime:0.000975s ]
[ sql ] [ DB ] CONNECT:[ UseTime:0.012819s ] mysql:host=127.0.0.1;port=3306;dbname=jusha;charset=utf8
[ sql ] [ SQL ] SELECT * FROM `clt_field` WHERE  ( moduleid=25 ) ORDER BY `sort` [ RunTime:0.001054s ]
[ sql ] [ DB ] CONNECT:[ UseTime:0.004521s ] mysql:host=127.0.0.1;port=3306;dbname=jusha;charset=utf8
[ sql ] [ SQL ] SELECT * FROM `clt_field` WHERE  ( moduleid=26 ) ORDER BY `sort` [ RunTime:0.000921s ]
[ sql ] [ DB ] CONNECT:[ UseTime:0.004461s ] mysql:host=127.0.0.1;port=3306;dbname=jusha;charset=utf8
[ sql ] [ SQL ] SELECT * FROM `clt_field` WHERE  ( moduleid=27 ) ORDER BY `sort` [ RunTime:0.001309s ]
[ sql ] [ DB ] CONNECT:[ UseTime:0.004830s ] mysql:host=127.0.0.1;port=3306;dbname=jusha;charset=utf8
[ sql ] [ SQL ] SHOW COLUMNS FROM `clt_system` [ RunTime:0.039291s ]
[ sql ] [ SQL ] SELECT * FROM `clt_system` WHERE  `id` = 1 LIMIT 1 [ RunTime:0.000985s ]
[ sql ] [ DB ] CONNECT:[ UseTime:0.004392s ] mysql:host=127.0.0.1;port=3306;dbname=jusha;charset=utf8
[ sql ] [ SQL ] SELECT `c`.*,m.title as mtitle,m.name as mname FROM `clt_category` `c` INNER JOIN `clt_module` `m` ON `c`.`moduleid`=`m`.`id` ORDER BY `c`.`sort` [ RunTime:0.001104s ]
---------------------------------------------------------------
[ 2018-12-22T23:57:24+08:00 ] 127.0.0.1 GET jusha.com/about-2.html
[运行时间：0.277415s] [吞吐率：3.60req/s] [内存消耗：2,830.82kb] [文件加载：81]
[ info ] [ LANG ] E:\phpStudy\WWW\jusha\thinkphp\lang\zh-cn.php
[ info ] [ ROUTE ] array (
  'rule' => 'about-<catId>',
  'route' => 'home/about/index',
  'option' => 
  array (
    'merge_rule_regex' => false,
  ),
  'var' => 
  array (
    'catId' => '2',
  ),
)
[ info ] [ HEADER ] array (
  'cookie' => 'PHPSESSID=7s7hesqoefuq9282n9rq3bsh11',
  'accept-language' => 'zh-CN,zh;q=0.9',
  'accept-encoding' => 'gzip, deflate',
  'referer' => 'http://jusha.com/home/',
  'accept' => 'text/html,application/xhtml+xml,application/xml;q=0.9,image/webp,image/apng,*/*;q=0.8',
  'user-agent' => 'Mozilla/5.0 (Windows NT 10.0; WOW64) AppleWebKit/537.36 (KHTML, like Gecko) Chrome/70.0.3538.77 Safari/537.36',
  'upgrade-insecure-requests' => '1',
  'cache-control' => 'max-age=0',
  'connection' => 'close',
  'host' => 'jusha.com',
)
[ info ] [ PARAM ] array (
  'catId' => '2',
)
[ info ] [ DB ] INIT mysql
[ info ] [ DB ] INIT mysql
[ info ] [ VIEW ] E:\phpStudy\WWW\jusha\application\home\view\page_show.html [ array (
  0 => 'sys',
  1 => 'action',
  2 => 'controller',
  3 => 'child',
  4 => 'catname',
  5 => 'title',
  6 => 'keywords',
  7 => 'description',
  8 => 'image',
  9 => 'imageMobile',
  10 => 'category',
  11 => 'adList',
  12 => 'bannerList',
  13 => 'linkList',
  14 => 'changyan',
  15 => 'time',
  16 => 'job',
  17 => 'info',
) ]
[ info ] [ DB ] INIT mysql
[ sql ] [ DB ] CONNECT:[ UseTime:0.004229s ] mysql:host=127.0.0.1;port=3306;dbname=jusha;charset=utf8
[ sql ] [ SQL ] SHOW COLUMNS FROM `clt_category` [ RunTime:0.031558s ]
[ sql ] [ SQL ] SELECT * FROM `clt_category` WHERE  `id` = 2 LIMIT 1 [ RunTime:0.000947s ]
[ sql ] [ SQL ] SELECT `parentid` FROM `clt_category` WHERE  `id` = 2 ORDER BY `sort` LIMIT 1 [ RunTime:0.000533s ]
[ sql ] [ SQL ] SELECT * FROM `clt_category` WHERE  `parentid` = 2 ORDER BY `sort` [ RunTime:0.000720s ]
[ sql ] [ SQL ] SELECT * FROM `clt_category` WHERE  `parentid` = 0  AND `ismenu` = 1 ORDER BY `sort` [ RunTime:0.000868s ]
[ sql ] [ SQL ] SELECT * FROM `clt_category` WHERE  `ismenu` = 1 ORDER BY `sort` [ RunTime:0.000961s ]
[ sql ] [ SQL ] SHOW COLUMNS FROM `clt_ad` [ RunTime:0.020731s ]
[ sql ] [ SQL ] SELECT * FROM `clt_ad` WHERE  `type_id` = 1  AND `open` = 1 ORDER BY `sort` ASC LIMIT 8 [ RunTime:0.000656s ]
[ sql ] [ SQL ] SELECT * FROM `clt_ad` WHERE  `type_id` = 5  AND `open` = 1 ORDER BY `sort` ASC LIMIT 8 [ RunTime:0.000717s ]
[ sql ] [ SQL ] SHOW COLUMNS FROM `clt_link` [ RunTime:0.021220s ]
[ sql ] [ SQL ] SELECT * FROM `clt_link` WHERE  `open` = 1 ORDER BY `sort` ASC [ RunTime:0.000686s ]
[ sql ] [ DB ] CONNECT:[ UseTime:0.004458s ] mysql:host=127.0.0.1;port=3306;dbname=jusha;charset=utf8
[ sql ] [ SQL ] SHOW COLUMNS FROM `clt_plugin` [ RunTime:0.033825s ]
[ sql ] [ SQL ] SELECT * FROM `clt_plugin` WHERE  `code` = 'changyan' LIMIT 1 [ RunTime:0.000687s ]
[ sql ] [ SQL ] SELECT * FROM `clt_category` WHERE  `parentid` = 51  AND `ismenu` = 1 ORDER BY `sort` [ RunTime:0.000707s ]
[ sql ] [ SQL ] SHOW COLUMNS FROM `clt_page` [ RunTime:0.023650s ]
[ sql ] [ SQL ] SELECT * FROM `clt_page` WHERE  `id` = 2 LIMIT 1 [ RunTime:0.000585s ]
[ sql ] [ SQL ] SELECT `template_show` FROM `clt_category` WHERE  `id` = 2 LIMIT 1 [ RunTime:0.000568s ]
[ sql ] [ SQL ] SELECT `page`.*,`cat`.`catname`,`cat`.`image`,`cat`.`imageMobile`,`cat`.`catdir` FROM `clt_page` `page` LEFT JOIN `clt_category` `cat` ON `cat`.`id`=`page`.`id` WHERE  ( page.id = 44 and (page.status = 1 or (page.status = 0 and page.createtime <1545494244)) ) LIMIT 1 [ RunTime:0.000817s ]
[ sql ] [ DB ] CONNECT:[ UseTime:0.004672s ] mysql:host=127.0.0.1;port=3306;dbname=jusha;charset=utf8
[ sql ] [ SQL ] SELECT * FROM `clt_category` WHERE  `id` = 45 LIMIT 1 [ RunTime:0.000844s ]
[ sql ] [ SQL ] SHOW COLUMNS FROM `clt_picture` [ RunTime:0.022849s ]
[ sql ] [ SQL ] SELECT * FROM `clt_picture` WHERE  ( catid = 45 and (status = 1 or (status = 0 and createtime <1545494244)) ) ORDER BY `sort` ASC,`createtime` DESC [ RunTime:0.000871s ]
---------------------------------------------------------------
[ 2018-12-22T23:57:27+08:00 ] 127.0.0.1 GET jusha.com/admin/index/index.html
[运行时间：0.346971s] [吞吐率：2.88req/s] [内存消耗：3,961.50kb] [文件加载：81]
[ info ] [ LANG ] E:\phpStudy\WWW\jusha\thinkphp\lang\zh-cn.php
[ info ] [ LANG ] E:\phpStudy\WWW\jusha\application\admin\\lang\zh-cn.php
[ info ] [ ROUTE ] array (
)
[ info ] [ HEADER ] array (
  'cookie' => 'PHPSESSID=7s7hesqoefuq9282n9rq3bsh11',
  'accept-language' => 'zh-CN,zh;q=0.9',
  'accept-encoding' => 'gzip, deflate',
  'referer' => 'http://jusha.com/admin/index/index.html',
  'accept' => 'text/html,application/xhtml+xml,application/xml;q=0.9,image/webp,image/apng,*/*;q=0.8',
  'user-agent' => 'Mozilla/5.0 (Windows NT 10.0; WOW64) AppleWebKit/537.36 (KHTML, like Gecko) Chrome/70.0.3538.77 Safari/537.36',
  'upgrade-insecure-requests' => '1',
  'connection' => 'close',
  'host' => 'jusha.com',
)
[ info ] [ PARAM ] array (
)
[ info ] [ DB ] INIT mysql
[ info ] [ DB ] INIT mysql
[ info ] [ DB ] INIT mysql
[ info ] [ DB ] INIT mysql
[ info ] [ DB ] INIT mysql
[ info ] [ DB ] INIT mysql
[ info ] [ DB ] INIT mysql
[ info ] [ DB ] INIT mysql
[ info ] [ DB ] INIT mysql
[ info ] [ DB ] INIT mysql
[ info ] [ DB ] INIT mysql
[ info ] [ DB ] INIT mysql
[ info ] [ DB ] INIT mysql
[ info ] [ DB ] INIT mysql
[ info ] [ DB ] INIT mysql
[ info ] [ VIEW ] E:\phpStudy\WWW\jusha\application\admin\view\index\index.html [ array (
  0 => 'menus',
) ]
[ sql ] [ DB ] CONNECT:[ UseTime:0.004760s ] mysql:host=127.0.0.1;port=3306;dbname=jusha;charset=utf8
[ sql ] [ SQL ] SHOW COLUMNS FROM `clt_module` [ RunTime:0.024072s ]
[ sql ] [ SQL ] SELECT * FROM `clt_module` ORDER BY `sort` [ RunTime:0.000801s ]
[ sql ] [ DB ] CONNECT:[ UseTime:0.013132s ] mysql:host=127.0.0.1;port=3306;dbname=jusha;charset=utf8
[ sql ] [ SQL ] SHOW COLUMNS FROM `clt_auth_rule` [ RunTime:0.019835s ]
[ sql ] [ SQL ] SELECT * FROM `clt_auth_rule` ORDER BY `sort` [ RunTime:0.001278s ]
[ sql ] [ DB ] CONNECT:[ UseTime:0.004461s ] mysql:host=127.0.0.1;port=3306;dbname=jusha;charset=utf8
[ sql ] [ SQL ] SHOW COLUMNS FROM `clt_category` [ RunTime:0.020873s ]
[ sql ] [ SQL ] SELECT * FROM `clt_category` ORDER BY `sort` [ RunTime:0.001043s ]
[ sql ] [ DB ] CONNECT:[ UseTime:0.004442s ] mysql:host=127.0.0.1;port=3306;dbname=jusha;charset=utf8
[ sql ] [ SQL ] SHOW COLUMNS FROM `clt_posid` [ RunTime:0.024815s ]
[ sql ] [ SQL ] SELECT * FROM `clt_posid` ORDER BY `sort` [ RunTime:0.000588s ]
[ sql ] [ DB ] CONNECT:[ UseTime:0.004092s ] mysql:host=127.0.0.1;port=3306;dbname=jusha;charset=utf8
[ sql ] [ SQL ] SHOW COLUMNS FROM `clt_field` [ RunTime:0.020602s ]
[ sql ] [ SQL ] SELECT * FROM `clt_field` WHERE  ( moduleid=1 ) ORDER BY `sort` [ RunTime:0.000862s ]
[ sql ] [ DB ] CONNECT:[ UseTime:0.004198s ] mysql:host=127.0.0.1;port=3306;dbname=jusha;charset=utf8
[ sql ] [ SQL ] SELECT * FROM `clt_field` WHERE  ( moduleid=2 ) ORDER BY `sort` [ RunTime:0.000899s ]
[ sql ] [ DB ] CONNECT:[ UseTime:0.004171s ] mysql:host=127.0.0.1;port=3306;dbname=jusha;charset=utf8
[ sql ] [ SQL ] SELECT * FROM `clt_field` WHERE  ( moduleid=3 ) ORDER BY `sort` [ RunTime:0.000893s ]
[ sql ] [ DB ] CONNECT:[ UseTime:0.004149s ] mysql:host=127.0.0.1;port=3306;dbname=jusha;charset=utf8
[ sql ] [ SQL ] SELECT * FROM `clt_field` WHERE  ( moduleid=24 ) ORDER BY `sort` [ RunTime:0.000946s ]
[ sql ] [ DB ] CONNECT:[ UseTime:0.004347s ] mysql:host=127.0.0.1;port=3306;dbname=jusha;charset=utf8
[ sql ] [ SQL ] SELECT * FROM `clt_field` WHERE  ( moduleid=5 ) ORDER BY `sort` [ RunTime:0.000905s ]
[ sql ] [ DB ] CONNECT:[ UseTime:0.004481s ] mysql:host=127.0.0.1;port=3306;dbname=jusha;charset=utf8
[ sql ] [ SQL ] SELECT * FROM `clt_field` WHERE  ( moduleid=25 ) ORDER BY `sort` [ RunTime:0.000918s ]
[ sql ] [ DB ] CONNECT:[ UseTime:0.005089s ] mysql:host=127.0.0.1;port=3306;dbname=jusha;charset=utf8
[ sql ] [ SQL ] SELECT * FROM `clt_field` WHERE  ( moduleid=26 ) ORDER BY `sort` [ RunTime:0.004276s ]
[ sql ] [ DB ] CONNECT:[ UseTime:0.004427s ] mysql:host=127.0.0.1;port=3306;dbname=jusha;charset=utf8
[ sql ] [ SQL ] SELECT * FROM `clt_field` WHERE  ( moduleid=27 ) ORDER BY `sort` [ RunTime:0.004965s ]
[ sql ] [ DB ] CONNECT:[ UseTime:0.004409s ] mysql:host=127.0.0.1;port=3306;dbname=jusha;charset=utf8
[ sql ] [ SQL ] SHOW COLUMNS FROM `clt_system` [ RunTime:0.023460s ]
[ sql ] [ SQL ] SELECT * FROM `clt_system` WHERE  `id` = 1 LIMIT 1 [ RunTime:0.000761s ]
[ sql ] [ DB ] CONNECT:[ UseTime:0.004434s ] mysql:host=127.0.0.1;port=3306;dbname=jusha;charset=utf8
[ sql ] [ SQL ] SELECT `c`.*,m.title as mtitle,m.name as mname FROM `clt_category` `c` INNER JOIN `clt_module` `m` ON `c`.`moduleid`=`m`.`id` ORDER BY `c`.`sort` [ RunTime:0.001261s ]
[ sql ] [ DB ] CONNECT:[ UseTime:0.004934s ] mysql:host=127.0.0.1;port=3306;dbname=jusha;charset=utf8
[ sql ] [ SQL ] SELECT * FROM `clt_auth_rule` WHERE  ( menustatus=1 ) ORDER BY `sort` [ RunTime:0.001003s ]
---------------------------------------------------------------
[ 2018-12-22T23:57:27+08:00 ] 127.0.0.1 GET jusha.com/admin/index/main.html
[运行时间：0.157824s] [吞吐率：6.34req/s] [内存消耗：3,289.33kb] [文件加载：79]
[ info ] [ LANG ] E:\phpStudy\WWW\jusha\thinkphp\lang\zh-cn.php
[ info ] [ LANG ] E:\phpStudy\WWW\jusha\application\admin\\lang\zh-cn.php
[ info ] [ ROUTE ] array (
)
[ info ] [ HEADER ] array (
  'cookie' => 'skin=0; PHPSESSID=7s7hesqoefuq9282n9rq3bsh11',
  'accept-language' => 'zh-CN,zh;q=0.9',
  'accept-encoding' => 'gzip, deflate',
  'referer' => 'http://jusha.com/admin/index/index.html',
  'accept' => 'text/html,application/xhtml+xml,application/xml;q=0.9,image/webp,image/apng,*/*;q=0.8',
  'user-agent' => 'Mozilla/5.0 (Windows NT 10.0; WOW64) AppleWebKit/537.36 (KHTML, like Gecko) Chrome/70.0.3538.77 Safari/537.36',
  'upgrade-insecure-requests' => '1',
  'connection' => 'close',
  'host' => 'jusha.com',
)
[ info ] [ PARAM ] array (
)
[ info ] [ DB ] INIT mysql
[ info ] [ DB ] INIT mysql
[ info ] [ DB ] INIT mysql
[ info ] [ DB ] INIT mysql
[ info ] [ DB ] INIT mysql
[ info ] [ DB ] INIT mysql
[ info ] [ DB ] INIT mysql
[ info ] [ DB ] INIT mysql
[ info ] [ VIEW ] E:\phpStudy\WWW\jusha\application\admin\view\index\main.html [ array (
  0 => 'config',
) ]
[ sql ] [ DB ] CONNECT:[ UseTime:0.004272s ] mysql:host=127.0.0.1;port=3306;dbname=jusha;charset=utf8
[ sql ] [ SQL ] SHOW COLUMNS FROM `clt_field` [ RunTime:0.027287s ]
[ sql ] [ SQL ] SELECT * FROM `clt_field` WHERE  ( moduleid=1 ) ORDER BY `sort` [ RunTime:0.000878s ]
[ sql ] [ DB ] CONNECT:[ UseTime:0.004490s ] mysql:host=127.0.0.1;port=3306;dbname=jusha;charset=utf8
[ sql ] [ SQL ] SELECT * FROM `clt_field` WHERE  ( moduleid=2 ) ORDER BY `sort` [ RunTime:0.000931s ]
[ sql ] [ DB ] CONNECT:[ UseTime:0.004515s ] mysql:host=127.0.0.1;port=3306;dbname=jusha;charset=utf8
[ sql ] [ SQL ] SELECT * FROM `clt_field` WHERE  ( moduleid=3 ) ORDER BY `sort` [ RunTime:0.000882s ]
[ sql ] [ DB ] CONNECT:[ UseTime:0.004289s ] mysql:host=127.0.0.1;port=3306;dbname=jusha;charset=utf8
[ sql ] [ SQL ] SELECT * FROM `clt_field` WHERE  ( moduleid=24 ) ORDER BY `sort` [ RunTime:0.000878s ]
[ sql ] [ DB ] CONNECT:[ UseTime:0.005114s ] mysql:host=127.0.0.1;port=3306;dbname=jusha;charset=utf8
[ sql ] [ SQL ] SELECT * FROM `clt_field` WHERE  ( moduleid=5 ) ORDER BY `sort` [ RunTime:0.000934s ]
[ sql ] [ DB ] CONNECT:[ UseTime:0.004112s ] mysql:host=127.0.0.1;port=3306;dbname=jusha;charset=utf8
[ sql ] [ SQL ] SELECT * FROM `clt_field` WHERE  ( moduleid=25 ) ORDER BY `sort` [ RunTime:0.000930s ]
[ sql ] [ DB ] CONNECT:[ UseTime:0.004983s ] mysql:host=127.0.0.1;port=3306;dbname=jusha;charset=utf8
[ sql ] [ SQL ] SELECT * FROM `clt_field` WHERE  ( moduleid=26 ) ORDER BY `sort` [ RunTime:0.000963s ]
[ sql ] [ DB ] CONNECT:[ UseTime:0.004584s ] mysql:host=127.0.0.1;port=3306;dbname=jusha;charset=utf8
[ sql ] [ SQL ] SELECT * FROM `clt_field` WHERE  ( moduleid=27 ) ORDER BY `sort` [ RunTime:0.001419s ]
[ sql ] [ SQL ] SELECT VERSION() AS ver [ RunTime:0.000665s ]
---------------------------------------------------------------
[ 2018-12-22T23:57:36+08:00 ] 127.0.0.1 GET jusha.com/admin/system/system.html
[运行时间：0.223567s] [吞吐率：4.47req/s] [内存消耗：3,526.13kb] [文件加载：82]
[ info ] [ LANG ] E:\phpStudy\WWW\jusha\thinkphp\lang\zh-cn.php
[ info ] [ LANG ] E:\phpStudy\WWW\jusha\application\admin\\lang\zh-cn.php
[ info ] [ ROUTE ] array (
)
[ info ] [ HEADER ] array (
  'cookie' => 'PHPSESSID=7s7hesqoefuq9282n9rq3bsh11',
  'accept-language' => 'zh-CN,zh;q=0.9',
  'accept-encoding' => 'gzip, deflate',
  'referer' => 'http://jusha.com/admin/index/index.html',
  'accept' => 'text/html,application/xhtml+xml,application/xml;q=0.9,image/webp,image/apng,*/*;q=0.8',
  'user-agent' => 'Mozilla/5.0 (Windows NT 10.0; WOW64) AppleWebKit/537.36 (KHTML, like Gecko) Chrome/70.0.3538.77 Safari/537.36',
  'upgrade-insecure-requests' => '1',
  'connection' => 'close',
  'host' => 'jusha.com',
)
[ info ] [ PARAM ] array (
)
[ info ] [ DB ] INIT mysql
[ info ] [ DB ] INIT mysql
[ info ] [ DB ] INIT mysql
[ info ] [ DB ] INIT mysql
[ info ] [ DB ] INIT mysql
[ info ] [ DB ] INIT mysql
[ info ] [ DB ] INIT mysql
[ info ] [ DB ] INIT mysql
[ info ] [ DB ] INIT mysql
[ info ] [ VIEW ] E:\phpStudy\WWW\jusha\application\admin\view\system\system.html [ array (
  0 => 'system',
) ]
[ sql ] [ DB ] CONNECT:[ UseTime:0.005307s ] mysql:host=127.0.0.1;port=3306;dbname=jusha;charset=utf8
[ sql ] [ SQL ] SHOW COLUMNS FROM `clt_field` [ RunTime:0.032229s ]
[ sql ] [ SQL ] SELECT * FROM `clt_field` WHERE  ( moduleid=1 ) ORDER BY `sort` [ RunTime:0.002206s ]
[ sql ] [ DB ] CONNECT:[ UseTime:0.006549s ] mysql:host=127.0.0.1;port=3306;dbname=jusha;charset=utf8
[ sql ] [ SQL ] SELECT * FROM `clt_field` WHERE  ( moduleid=2 ) ORDER BY `sort` [ RunTime:0.001122s ]
[ sql ] [ DB ] CONNECT:[ UseTime:0.013507s ] mysql:host=127.0.0.1;port=3306;dbname=jusha;charset=utf8
[ sql ] [ SQL ] SELECT * FROM `clt_field` WHERE  ( moduleid=3 ) ORDER BY `sort` [ RunTime:0.001011s ]
[ sql ] [ DB ] CONNECT:[ UseTime:0.006563s ] mysql:host=127.0.0.1;port=3306;dbname=jusha;charset=utf8
[ sql ] [ SQL ] SELECT * FROM `clt_field` WHERE  ( moduleid=24 ) ORDER BY `sort` [ RunTime:0.001292s ]
[ sql ] [ DB ] CONNECT:[ UseTime:0.005388s ] mysql:host=127.0.0.1;port=3306;dbname=jusha;charset=utf8
[ sql ] [ SQL ] SELECT * FROM `clt_field` WHERE  ( moduleid=5 ) ORDER BY `sort` [ RunTime:0.001060s ]
[ sql ] [ DB ] CONNECT:[ UseTime:0.005282s ] mysql:host=127.0.0.1;port=3306;dbname=jusha;charset=utf8
[ sql ] [ SQL ] SELECT * FROM `clt_field` WHERE  ( moduleid=25 ) ORDER BY `sort` [ RunTime:0.000951s ]
[ sql ] [ DB ] CONNECT:[ UseTime:0.005672s ] mysql:host=127.0.0.1;port=3306;dbname=jusha;charset=utf8
[ sql ] [ SQL ] SELECT * FROM `clt_field` WHERE  ( moduleid=26 ) ORDER BY `sort` [ RunTime:0.001091s ]
[ sql ] [ DB ] CONNECT:[ UseTime:0.005382s ] mysql:host=127.0.0.1;port=3306;dbname=jusha;charset=utf8
[ sql ] [ SQL ] SELECT * FROM `clt_field` WHERE  ( moduleid=27 ) ORDER BY `sort` [ RunTime:0.001336s ]
[ sql ] [ DB ] CONNECT:[ UseTime:0.005591s ] mysql:host=127.0.0.1;port=3306;dbname=jusha;charset=utf8
[ sql ] [ SQL ] SHOW COLUMNS FROM `clt_system` [ RunTime:0.027164s ]
[ sql ] [ SQL ] SELECT * FROM `clt_system` WHERE  `id` = 1 LIMIT 1 [ RunTime:0.001031s ]
---------------------------------------------------------------
[ 2018-12-22T23:57:38+08:00 ] 127.0.0.1 POST jusha.com/admin/system/system.html
[运行时间：0.214673s] [吞吐率：4.66req/s] [内存消耗：3,358.23kb] [文件加载：77]
[ info ] [ LANG ] E:\phpStudy\WWW\jusha\thinkphp\lang\zh-cn.php
[ info ] [ LANG ] E:\phpStudy\WWW\jusha\application\admin\\lang\zh-cn.php
[ info ] [ ROUTE ] array (
)
[ info ] [ HEADER ] array (
  'cookie' => 'skin=0; PHPSESSID=7s7hesqoefuq9282n9rq3bsh11',
  'accept-language' => 'zh-CN,zh;q=0.9',
  'accept-encoding' => 'gzip, deflate',
  'referer' => 'http://jusha.com/admin/system/system.html',
  'content-type' => 'application/x-www-form-urlencoded; charset=UTF-8',
  'user-agent' => 'Mozilla/5.0 (Windows NT 10.0; WOW64) AppleWebKit/537.36 (KHTML, like Gecko) Chrome/70.0.3538.77 Safari/537.36',
  'x-requested-with' => 'XMLHttpRequest',
  'origin' => 'http://jusha.com',
  'accept' => '*/*',
  'content-length' => '686',
  'connection' => 'close',
  'host' => 'jusha.com',
)
[ info ] [ PARAM ] array (
  'name' => '巨鲨汽车',
  'company' => '河北淞甸科技有限公司',
  'url' => 'http://cltshow.test/',
  'logo' => '/uploads/20181222/8f6c34f1d54b3c272306c6d92c1f4f67.png',
  'file' => '',
  'logoa' => '/uploads/20181222/1e932a72b4c9e7c5ccf2f48c443bec0b.png',
  'qrcode' => '/uploads/20181222/99e7bb0a5c547ba4ecf5a7c443bb7b6b.png',
  'qrcodec' => '/uploads/20181222/d8852acfae8bc846fd93f2040fe69bd5.png',
  'bah' => '陕ICP备15008093号-3',
  'copyright' => '© 2005-2011,WWW.XXXXXX.COM巨鲨汽车',
  'ads' => '西安市雁塔区',
  'tel' => '400-800-7555',
  'complain' => '',
  'email' => '1109305556@qq.com',
)
[ info ] [ DB ] INIT mysql
[ info ] [ DB ] INIT mysql
[ info ] [ DB ] INIT mysql
[ info ] [ DB ] INIT mysql
[ info ] [ DB ] INIT mysql
[ info ] [ DB ] INIT mysql
[ info ] [ DB ] INIT mysql
[ info ] [ DB ] INIT mysql
[ info ] [ DB ] INIT mysql
[ info ] [ DB ] INIT mysql
[ sql ] [ DB ] CONNECT:[ UseTime:0.004141s ] mysql:host=127.0.0.1;port=3306;dbname=jusha;charset=utf8
[ sql ] [ SQL ] SHOW COLUMNS FROM `clt_field` [ RunTime:0.030661s ]
[ sql ] [ SQL ] SELECT * FROM `clt_field` WHERE  ( moduleid=1 ) ORDER BY `sort` [ RunTime:0.001020s ]
[ sql ] [ DB ] CONNECT:[ UseTime:0.005617s ] mysql:host=127.0.0.1;port=3306;dbname=jusha;charset=utf8
[ sql ] [ SQL ] SELECT * FROM `clt_field` WHERE  ( moduleid=2 ) ORDER BY `sort` [ RunTime:0.001253s ]
[ sql ] [ DB ] CONNECT:[ UseTime:0.004982s ] mysql:host=127.0.0.1;port=3306;dbname=jusha;charset=utf8
[ sql ] [ SQL ] SELECT * FROM `clt_field` WHERE  ( moduleid=3 ) ORDER BY `sort` [ RunTime:0.000982s ]
[ sql ] [ DB ] CONNECT:[ UseTime:0.005600s ] mysql:host=127.0.0.1;port=3306;dbname=jusha;charset=utf8
[ sql ] [ SQL ] SELECT * FROM `clt_field` WHERE  ( moduleid=24 ) ORDER BY `sort` [ RunTime:0.001234s ]
[ sql ] [ DB ] CONNECT:[ UseTime:0.005495s ] mysql:host=127.0.0.1;port=3306;dbname=jusha;charset=utf8
[ sql ] [ SQL ] SELECT * FROM `clt_field` WHERE  ( moduleid=5 ) ORDER BY `sort` [ RunTime:0.001341s ]
[ sql ] [ DB ] CONNECT:[ UseTime:0.005411s ] mysql:host=127.0.0.1;port=3306;dbname=jusha;charset=utf8
[ sql ] [ SQL ] SELECT * FROM `clt_field` WHERE  ( moduleid=25 ) ORDER BY `sort` [ RunTime:0.003714s ]
[ sql ] [ DB ] CONNECT:[ UseTime:0.005002s ] mysql:host=127.0.0.1;port=3306;dbname=jusha;charset=utf8
[ sql ] [ SQL ] SELECT * FROM `clt_field` WHERE  ( moduleid=26 ) ORDER BY `sort` [ RunTime:0.005417s ]
[ sql ] [ DB ] CONNECT:[ UseTime:0.005056s ] mysql:host=127.0.0.1;port=3306;dbname=jusha;charset=utf8
[ sql ] [ SQL ] SELECT * FROM `clt_field` WHERE  ( moduleid=27 ) ORDER BY `sort` [ RunTime:0.001360s ]
[ sql ] [ DB ] CONNECT:[ UseTime:0.005899s ] mysql:host=127.0.0.1;port=3306;dbname=jusha;charset=utf8
[ sql ] [ SQL ] SHOW COLUMNS FROM `clt_system` [ RunTime:0.032819s ]
[ sql ] [ SQL ] UPDATE `clt_system`  SET `name` = '巨鲨汽车' , `company` = '河北淞甸科技有限公司' , `url` = 'http://cltshow.test/' , `logo` = '/uploads/20181222/8f6c34f1d54b3c272306c6d92c1f4f67.png' , `logoa` = '/uploads/20181222/1e932a72b4c9e7c5ccf2f48c443bec0b.png' , `qrcode` = '/uploads/20181222/99e7bb0a5c547ba4ecf5a7c443bb7b6b.png' , `qrcodec` = '/uploads/20181222/d8852acfae8bc846fd93f2040fe69bd5.png' , `bah` = '陕ICP备15008093号-3' , `copyright` = '© 2005-2011,WWW.XXXXXX.COM巨鲨汽车' , `ads` = '西安市雁塔区' , `tel` = '400-800-7555' , `complain` = '' , `email` = '1109305556@qq.com'  WHERE  `id` = 1 [ RunTime:0.000843s ]
[ sql ] [ DB ] CONNECT:[ UseTime:0.004880s ] mysql:host=127.0.0.1;port=3306;dbname=jusha;charset=utf8
[ sql ] [ SQL ] SELECT * FROM `clt_system` WHERE  `id` = 1 LIMIT 1 [ RunTime:0.000969s ]
---------------------------------------------------------------
[ 2018-12-22T23:57:40+08:00 ] 127.0.0.1 GET jusha.com/about-2.html
[运行时间：0.163322s] [吞吐率：6.12req/s] [内存消耗：2,695.83kb] [文件加载：77]
[ info ] [ LANG ] E:\phpStudy\WWW\jusha\thinkphp\lang\zh-cn.php
[ info ] [ ROUTE ] array (
  'rule' => 'about-<catId>',
  'route' => 'home/about/index',
  'option' => 
  array (
    'merge_rule_regex' => false,
  ),
  'var' => 
  array (
    'catId' => '2',
  ),
)
[ info ] [ HEADER ] array (
  'cookie' => 'PHPSESSID=7s7hesqoefuq9282n9rq3bsh11',
  'accept-language' => 'zh-CN,zh;q=0.9',
  'accept-encoding' => 'gzip, deflate',
  'referer' => 'http://jusha.com/home/',
  'accept' => 'text/html,application/xhtml+xml,application/xml;q=0.9,image/webp,image/apng,*/*;q=0.8',
  'user-agent' => 'Mozilla/5.0 (Windows NT 10.0; WOW64) AppleWebKit/537.36 (KHTML, like Gecko) Chrome/70.0.3538.77 Safari/537.36',
  'upgrade-insecure-requests' => '1',
  'cache-control' => 'max-age=0',
  'connection' => 'close',
  'host' => 'jusha.com',
)
[ info ] [ PARAM ] array (
  'catId' => '2',
)
[ info ] [ DB ] INIT mysql
[ info ] [ DB ] INIT mysql
[ info ] [ VIEW ] E:\phpStudy\WWW\jusha\application\home\view\page_show.html [ array (
  0 => 'sys',
  1 => 'action',
  2 => 'controller',
  3 => 'child',
  4 => 'catname',
  5 => 'title',
  6 => 'keywords',
  7 => 'description',
  8 => 'image',
  9 => 'imageMobile',
  10 => 'category',
  11 => 'adList',
  12 => 'bannerList',
  13 => 'linkList',
  14 => 'changyan',
  15 => 'time',
  16 => 'job',
  17 => 'info',
) ]
[ info ] [ DB ] INIT mysql
[ sql ] [ DB ] CONNECT:[ UseTime:0.005056s ] mysql:host=127.0.0.1;port=3306;dbname=jusha;charset=utf8
[ sql ] [ SQL ] SHOW COLUMNS FROM `clt_category` [ RunTime:0.023858s ]
[ sql ] [ SQL ] SELECT * FROM `clt_category` WHERE  `id` = 2 LIMIT 1 [ RunTime:0.000884s ]
[ sql ] [ SQL ] SELECT `parentid` FROM `clt_category` WHERE  `id` = 2 ORDER BY `sort` LIMIT 1 [ RunTime:0.000530s ]
[ sql ] [ SQL ] SELECT * FROM `clt_category` WHERE  `parentid` = 2 ORDER BY `sort` [ RunTime:0.000723s ]
[ sql ] [ DB ] CONNECT:[ UseTime:0.004360s ] mysql:host=127.0.0.1;port=3306;dbname=jusha;charset=utf8
[ sql ] [ SQL ] SHOW COLUMNS FROM `clt_plugin` [ RunTime:0.020259s ]
[ sql ] [ SQL ] SELECT * FROM `clt_plugin` WHERE  `code` = 'changyan' LIMIT 1 [ RunTime:0.000683s ]
[ sql ] [ SQL ] SELECT * FROM `clt_category` WHERE  `parentid` = 51  AND `ismenu` = 1 ORDER BY `sort` [ RunTime:0.000612s ]
[ sql ] [ SQL ] SHOW COLUMNS FROM `clt_page` [ RunTime:0.020503s ]
[ sql ] [ SQL ] SELECT * FROM `clt_page` WHERE  `id` = 2 LIMIT 1 [ RunTime:0.000600s ]
[ sql ] [ SQL ] SELECT `template_show` FROM `clt_category` WHERE  `id` = 2 LIMIT 1 [ RunTime:0.000514s ]
[ sql ] [ SQL ] SELECT `page`.*,`cat`.`catname`,`cat`.`image`,`cat`.`imageMobile`,`cat`.`catdir` FROM `clt_page` `page` LEFT JOIN `clt_category` `cat` ON `cat`.`id`=`page`.`id` WHERE  ( page.id = 44 and (page.status = 1 or (page.status = 0 and page.createtime <1545494260)) ) LIMIT 1 [ RunTime:0.000804s ]
[ sql ] [ DB ] CONNECT:[ UseTime:0.004243s ] mysql:host=127.0.0.1;port=3306;dbname=jusha;charset=utf8
[ sql ] [ SQL ] SELECT * FROM `clt_category` WHERE  `id` = 45 LIMIT 1 [ RunTime:0.000814s ]
[ sql ] [ SQL ] SHOW COLUMNS FROM `clt_picture` [ RunTime:0.020217s ]
[ sql ] [ SQL ] SELECT * FROM `clt_picture` WHERE  ( catid = 45 and (status = 1 or (status = 0 and createtime <1545494260)) ) ORDER BY `sort` ASC,`createtime` DESC [ RunTime:0.000712s ]
---------------------------------------------------------------
[ 2018-12-22T23:57:42+08:00 ] 127.0.0.1 GET jusha.com/admin/system/system.html
[运行时间：0.227665s] [吞吐率：4.39req/s] [内存消耗：3,359.82kb] [文件加载：79]
[ info ] [ LANG ] E:\phpStudy\WWW\jusha\thinkphp\lang\zh-cn.php
[ info ] [ LANG ] E:\phpStudy\WWW\jusha\application\admin\\lang\zh-cn.php
[ info ] [ ROUTE ] array (
)
[ info ] [ HEADER ] array (
  'cookie' => 'skin=0; PHPSESSID=7s7hesqoefuq9282n9rq3bsh11',
  'accept-language' => 'zh-CN,zh;q=0.9',
  'accept-encoding' => 'gzip, deflate',
  'referer' => 'http://jusha.com/admin/system/system.html',
  'accept' => 'text/html,application/xhtml+xml,application/xml;q=0.9,image/webp,image/apng,*/*;q=0.8',
  'user-agent' => 'Mozilla/5.0 (Windows NT 10.0; WOW64) AppleWebKit/537.36 (KHTML, like Gecko) Chrome/70.0.3538.77 Safari/537.36',
  'upgrade-insecure-requests' => '1',
  'connection' => 'close',
  'host' => 'jusha.com',
)
[ info ] [ PARAM ] array (
)
[ info ] [ DB ] INIT mysql
[ info ] [ DB ] INIT mysql
[ info ] [ DB ] INIT mysql
[ info ] [ DB ] INIT mysql
[ info ] [ DB ] INIT mysql
[ info ] [ DB ] INIT mysql
[ info ] [ DB ] INIT mysql
[ info ] [ DB ] INIT mysql
[ info ] [ DB ] INIT mysql
[ info ] [ VIEW ] E:\phpStudy\WWW\jusha\application\admin\view\system\system.html [ array (
  0 => 'system',
) ]
[ sql ] [ DB ] CONNECT:[ UseTime:0.004671s ] mysql:host=127.0.0.1;port=3306;dbname=jusha;charset=utf8
[ sql ] [ SQL ] SHOW COLUMNS FROM `clt_field` [ RunTime:0.025372s ]
[ sql ] [ SQL ] SELECT * FROM `clt_field` WHERE  ( moduleid=1 ) ORDER BY `sort` [ RunTime:0.000856s ]
[ sql ] [ DB ] CONNECT:[ UseTime:0.004478s ] mysql:host=127.0.0.1;port=3306;dbname=jusha;charset=utf8
[ sql ] [ SQL ] SELECT * FROM `clt_field` WHERE  ( moduleid=2 ) ORDER BY `sort` [ RunTime:0.001240s ]
[ sql ] [ DB ] CONNECT:[ UseTime:0.004311s ] mysql:host=127.0.0.1;port=3306;dbname=jusha;charset=utf8
[ sql ] [ SQL ] SELECT * FROM `clt_field` WHERE  ( moduleid=3 ) ORDER BY `sort` [ RunTime:0.002208s ]
[ sql ] [ DB ] CONNECT:[ UseTime:0.009706s ] mysql:host=127.0.0.1;port=3306;dbname=jusha;charset=utf8
[ sql ] [ SQL ] SELECT * FROM `clt_field` WHERE  ( moduleid=24 ) ORDER BY `sort` [ RunTime:0.001551s ]
[ sql ] [ DB ] CONNECT:[ UseTime:0.008346s ] mysql:host=127.0.0.1;port=3306;dbname=jusha;charset=utf8
[ sql ] [ SQL ] SELECT * FROM `clt_field` WHERE  ( moduleid=5 ) ORDER BY `sort` [ RunTime:0.001285s ]
[ sql ] [ DB ] CONNECT:[ UseTime:0.004640s ] mysql:host=127.0.0.1;port=3306;dbname=jusha;charset=utf8
[ sql ] [ SQL ] SELECT * FROM `clt_field` WHERE  ( moduleid=25 ) ORDER BY `sort` [ RunTime:0.000950s ]
[ sql ] [ DB ] CONNECT:[ UseTime:0.005135s ] mysql:host=127.0.0.1;port=3306;dbname=jusha;charset=utf8
[ sql ] [ SQL ] SELECT * FROM `clt_field` WHERE  ( moduleid=26 ) ORDER BY `sort` [ RunTime:0.000987s ]
[ sql ] [ DB ] CONNECT:[ UseTime:0.005601s ] mysql:host=127.0.0.1;port=3306;dbname=jusha;charset=utf8
[ sql ] [ SQL ] SELECT * FROM `clt_field` WHERE  ( moduleid=27 ) ORDER BY `sort` [ RunTime:0.001275s ]
[ sql ] [ DB ] CONNECT:[ UseTime:0.004543s ] mysql:host=127.0.0.1;port=3306;dbname=jusha;charset=utf8
[ sql ] [ SQL ] SHOW COLUMNS FROM `clt_system` [ RunTime:0.025679s ]
[ sql ] [ SQL ] SELECT * FROM `clt_system` WHERE  `id` = 1 LIMIT 1 [ RunTime:0.001004s ]
---------------------------------------------------------------
[ 2018-12-22T23:57:47+08:00 ] 127.0.0.1 GET jusha.com/about-2.html
[运行时间：0.180876s] [吞吐率：5.53req/s] [内存消耗：2,693.56kb] [文件加载：76]
[ info ] [ LANG ] E:\phpStudy\WWW\jusha\thinkphp\lang\zh-cn.php
[ info ] [ ROUTE ] array (
  'rule' => 'about-<catId>',
  'route' => 'home/about/index',
  'option' => 
  array (
    'merge_rule_regex' => false,
  ),
  'var' => 
  array (
    'catId' => '2',
  ),
)
[ info ] [ HEADER ] array (
  'cookie' => 'PHPSESSID=7s7hesqoefuq9282n9rq3bsh11',
  'accept-language' => 'zh-CN,zh;q=0.9',
  'accept-encoding' => 'gzip, deflate',
  'referer' => 'http://jusha.com/home/',
  'accept' => 'text/html,application/xhtml+xml,application/xml;q=0.9,image/webp,image/apng,*/*;q=0.8',
  'user-agent' => 'Mozilla/5.0 (Windows NT 10.0; WOW64) AppleWebKit/537.36 (KHTML, like Gecko) Chrome/70.0.3538.77 Safari/537.36',
  'upgrade-insecure-requests' => '1',
  'cache-control' => 'max-age=0',
  'connection' => 'close',
  'host' => 'jusha.com',
)
[ info ] [ PARAM ] array (
  'catId' => '2',
)
[ info ] [ DB ] INIT mysql
[ info ] [ DB ] INIT mysql
[ info ] [ VIEW ] E:\phpStudy\WWW\jusha\application\home\view\page_show.html [ array (
  0 => 'sys',
  1 => 'action',
  2 => 'controller',
  3 => 'child',
  4 => 'catname',
  5 => 'title',
  6 => 'keywords',
  7 => 'description',
  8 => 'image',
  9 => 'imageMobile',
  10 => 'category',
  11 => 'adList',
  12 => 'bannerList',
  13 => 'linkList',
  14 => 'changyan',
  15 => 'time',
  16 => 'job',
  17 => 'info',
) ]
[ info ] [ DB ] INIT mysql
[ sql ] [ DB ] CONNECT:[ UseTime:0.004320s ] mysql:host=127.0.0.1;port=3306;dbname=jusha;charset=utf8
[ sql ] [ SQL ] SHOW COLUMNS FROM `clt_category` [ RunTime:0.029788s ]
[ sql ] [ SQL ] SELECT * FROM `clt_category` WHERE  `id` = 2 LIMIT 1 [ RunTime:0.000915s ]
[ sql ] [ SQL ] SELECT `parentid` FROM `clt_category` WHERE  `id` = 2 ORDER BY `sort` LIMIT 1 [ RunTime:0.000649s ]
[ sql ] [ SQL ] SELECT * FROM `clt_category` WHERE  `parentid` = 2 ORDER BY `sort` [ RunTime:0.000687s ]
[ sql ] [ DB ] CONNECT:[ UseTime:0.005812s ] mysql:host=127.0.0.1;port=3306;dbname=jusha;charset=utf8
[ sql ] [ SQL ] SHOW COLUMNS FROM `clt_plugin` [ RunTime:0.021376s ]
[ sql ] [ SQL ] SELECT * FROM `clt_plugin` WHERE  `code` = 'changyan' LIMIT 1 [ RunTime:0.000905s ]
[ sql ] [ SQL ] SELECT * FROM `clt_category` WHERE  `parentid` = 51  AND `ismenu` = 1 ORDER BY `sort` [ RunTime:0.000697s ]
[ sql ] [ SQL ] SHOW COLUMNS FROM `clt_page` [ RunTime:0.023605s ]
[ sql ] [ SQL ] SELECT * FROM `clt_page` WHERE  `id` = 2 LIMIT 1 [ RunTime:0.000617s ]
[ sql ] [ SQL ] SELECT `template_show` FROM `clt_category` WHERE  `id` = 2 LIMIT 1 [ RunTime:0.000554s ]
[ sql ] [ SQL ] SELECT `page`.*,`cat`.`catname`,`cat`.`image`,`cat`.`imageMobile`,`cat`.`catdir` FROM `clt_page` `page` LEFT JOIN `clt_category` `cat` ON `cat`.`id`=`page`.`id` WHERE  ( page.id = 44 and (page.status = 1 or (page.status = 0 and page.createtime <1545494266)) ) LIMIT 1 [ RunTime:0.000666s ]
[ sql ] [ DB ] CONNECT:[ UseTime:0.004612s ] mysql:host=127.0.0.1;port=3306;dbname=jusha;charset=utf8
[ sql ] [ SQL ] SELECT * FROM `clt_category` WHERE  `id` = 45 LIMIT 1 [ RunTime:0.000828s ]
[ sql ] [ SQL ] SHOW COLUMNS FROM `clt_picture` [ RunTime:0.024897s ]
[ sql ] [ SQL ] SELECT * FROM `clt_picture` WHERE  ( catid = 45 and (status = 1 or (status = 0 and createtime <1545494266)) ) ORDER BY `sort` ASC,`createtime` DESC [ RunTime:0.000714s ]
---------------------------------------------------------------
[ 2018-12-22T23:58:47+08:00 ] 127.0.0.1 GET jusha.com/about-2.html
[运行时间：0.193204s] [吞吐率：5.18req/s] [内存消耗：2,693.56kb] [文件加载：76]
[ info ] [ LANG ] E:\phpStudy\WWW\jusha\thinkphp\lang\zh-cn.php
[ info ] [ ROUTE ] array (
  'rule' => 'about-<catId>',
  'route' => 'home/about/index',
  'option' => 
  array (
    'merge_rule_regex' => false,
  ),
  'var' => 
  array (
    'catId' => '2',
  ),
)
[ info ] [ HEADER ] array (
  'cookie' => 'PHPSESSID=7s7hesqoefuq9282n9rq3bsh11',
  'accept-language' => 'zh-CN,zh;q=0.9',
  'accept-encoding' => 'gzip, deflate',
  'referer' => 'http://jusha.com/home/',
  'accept' => 'text/html,application/xhtml+xml,application/xml;q=0.9,image/webp,image/apng,*/*;q=0.8',
  'user-agent' => 'Mozilla/5.0 (Windows NT 10.0; WOW64) AppleWebKit/537.36 (KHTML, like Gecko) Chrome/70.0.3538.77 Safari/537.36',
  'upgrade-insecure-requests' => '1',
  'cache-control' => 'max-age=0',
  'connection' => 'close',
  'host' => 'jusha.com',
)
[ info ] [ PARAM ] array (
  'catId' => '2',
)
[ info ] [ DB ] INIT mysql
[ info ] [ DB ] INIT mysql
[ info ] [ VIEW ] E:\phpStudy\WWW\jusha\application\home\view\page_show.html [ array (
  0 => 'sys',
  1 => 'action',
  2 => 'controller',
  3 => 'child',
  4 => 'catname',
  5 => 'title',
  6 => 'keywords',
  7 => 'description',
  8 => 'image',
  9 => 'imageMobile',
  10 => 'category',
  11 => 'adList',
  12 => 'bannerList',
  13 => 'linkList',
  14 => 'changyan',
  15 => 'time',
  16 => 'job',
  17 => 'info',
) ]
[ info ] [ DB ] INIT mysql
[ sql ] [ DB ] CONNECT:[ UseTime:0.004203s ] mysql:host=127.0.0.1;port=3306;dbname=jusha;charset=utf8
[ sql ] [ SQL ] SHOW COLUMNS FROM `clt_category` [ RunTime:0.023950s ]
[ sql ] [ SQL ] SELECT * FROM `clt_category` WHERE  `id` = 2 LIMIT 1 [ RunTime:0.001048s ]
[ sql ] [ SQL ] SELECT `parentid` FROM `clt_category` WHERE  `id` = 2 ORDER BY `sort` LIMIT 1 [ RunTime:0.000509s ]
[ sql ] [ SQL ] SELECT * FROM `clt_category` WHERE  `parentid` = 2 ORDER BY `sort` [ RunTime:0.000738s ]
[ sql ] [ DB ] CONNECT:[ UseTime:0.004196s ] mysql:host=127.0.0.1;port=3306;dbname=jusha;charset=utf8
[ sql ] [ SQL ] SHOW COLUMNS FROM `clt_plugin` [ RunTime:0.020932s ]
[ sql ] [ SQL ] SELECT * FROM `clt_plugin` WHERE  `code` = 'changyan' LIMIT 1 [ RunTime:0.000759s ]
[ sql ] [ SQL ] SELECT * FROM `clt_category` WHERE  `parentid` = 51  AND `ismenu` = 1 ORDER BY `sort` [ RunTime:0.000801s ]
[ sql ] [ SQL ] SHOW COLUMNS FROM `clt_page` [ RunTime:0.025363s ]
[ sql ] [ SQL ] SELECT * FROM `clt_page` WHERE  `id` = 2 LIMIT 1 [ RunTime:0.000617s ]
[ sql ] [ SQL ] SELECT `template_show` FROM `clt_category` WHERE  `id` = 2 LIMIT 1 [ RunTime:0.000627s ]
[ sql ] [ SQL ] SELECT `page`.*,`cat`.`catname`,`cat`.`image`,`cat`.`imageMobile`,`cat`.`catdir` FROM `clt_page` `page` LEFT JOIN `clt_category` `cat` ON `cat`.`id`=`page`.`id` WHERE  ( page.id = 44 and (page.status = 1 or (page.status = 0 and page.createtime <1545494327)) ) LIMIT 1 [ RunTime:0.000703s ]
[ sql ] [ DB ] CONNECT:[ UseTime:0.004865s ] mysql:host=127.0.0.1;port=3306;dbname=jusha;charset=utf8
[ sql ] [ SQL ] SELECT * FROM `clt_category` WHERE  `id` = 45 LIMIT 1 [ RunTime:0.001023s ]
[ sql ] [ SQL ] SHOW COLUMNS FROM `clt_picture` [ RunTime:0.034184s ]
[ sql ] [ SQL ] SELECT * FROM `clt_picture` WHERE  ( catid = 45 and (status = 1 or (status = 0 and createtime <1545494327)) ) ORDER BY `sort` ASC,`createtime` DESC [ RunTime:0.000848s ]
---------------------------------------------------------------
[ 2018-12-22T23:58:53+08:00 ] 127.0.0.1 GET jusha.com/
[运行时间：0.175097s] [吞吐率：5.71req/s] [内存消耗：3,065.70kb] [文件加载：79]
[ info ] [ LANG ] E:\phpStudy\WWW\jusha\thinkphp\lang\zh-cn.php
[ info ] [ ROUTE ] array (
  'rule' => '',
  'route' => 'home/index/index',
  'option' => 
  array (
    'merge_rule_regex' => false,
    'complete_match' => true,
  ),
  'var' => 
  array (
  ),
)
[ info ] [ HEADER ] array (
  'cookie' => 'PHPSESSID=7s7hesqoefuq9282n9rq3bsh11',
  'accept-language' => 'zh-CN,zh;q=0.9',
  'accept-encoding' => 'gzip, deflate',
  'referer' => 'http://jusha.com/about-2.html',
  'accept' => 'text/html,application/xhtml+xml,application/xml;q=0.9,image/webp,image/apng,*/*;q=0.8',
  'user-agent' => 'Mozilla/5.0 (Windows NT 10.0; WOW64) AppleWebKit/537.36 (KHTML, like Gecko) Chrome/70.0.3538.77 Safari/537.36',
  'upgrade-insecure-requests' => '1',
  'connection' => 'close',
  'host' => 'jusha.com',
)
[ info ] [ PARAM ] array (
)
[ info ] [ DB ] INIT mysql
[ info ] [ DB ] INIT mysql
[ info ] [ DB ] INIT mysql
[ info ] [ DB ] INIT mysql
[ info ] [ DB ] INIT mysql
[ info ] [ DB ] INIT mysql
[ info ] [ VIEW ] E:\phpStudy\WWW\jusha\application\home\view\index_index.html [ array (
  0 => 'sys',
  1 => 'action',
  2 => 'controller',
  3 => 'catname',
  4 => 'title',
  5 => 'keywords',
  6 => 'description',
  7 => 'image',
  8 => 'imageMobile',
  9 => 'category',
  10 => 'adList',
  11 => 'bannerList',
  12 => 'linkList',
  13 => 'changyan',
  14 => 'time',
  15 => 'job',
  16 => 'list',
  17 => 'style',
  18 => 'js',
  19 => 'express',
  20 => 'increment',
  21 => 'news',
) ]
[ sql ] [ DB ] CONNECT:[ UseTime:0.004195s ] mysql:host=127.0.0.1;port=3306;dbname=jusha;charset=utf8
[ sql ] [ SQL ] SHOW COLUMNS FROM `clt_category` [ RunTime:0.022725s ]
[ sql ] [ SQL ] SELECT * FROM `clt_category` WHERE  `id` IS NULL LIMIT 1 [ RunTime:0.001079s ]
[ sql ] [ DB ] CONNECT:[ UseTime:0.004238s ] mysql:host=127.0.0.1;port=3306;dbname=jusha;charset=utf8
[ sql ] [ SQL ] SHOW COLUMNS FROM `clt_plugin` [ RunTime:0.019808s ]
[ sql ] [ SQL ] SELECT * FROM `clt_plugin` WHERE  `code` = 'changyan' LIMIT 1 [ RunTime:0.000690s ]
[ sql ] [ SQL ] SELECT * FROM `clt_category` WHERE  `parentid` = 51  AND `ismenu` = 1 ORDER BY `sort` [ RunTime:0.000629s ]
[ sql ] [ DB ] CONNECT:[ UseTime:0.004248s ] mysql:host=127.0.0.1;port=3306;dbname=jusha;charset=utf8
[ sql ] [ SQL ] SHOW COLUMNS FROM `clt_article` [ RunTime:0.020944s ]
[ sql ] [ SQL ] SELECT `a`.`id`,`c`.`catdir`,`c`.`catname` FROM `clt_article` `a` LEFT JOIN `clt_category` `c` ON `a`.`catid`=`c`.`id` WHERE  `createtime` > 1545494333 ORDER BY `createtime` DESC LIMIT 15 [ RunTime:0.000599s ]
[ sql ] [ DB ] CONNECT:[ UseTime:0.004971s ] mysql:host=127.0.0.1;port=3306;dbname=jusha;charset=utf8
[ sql ] [ SQL ] SHOW COLUMNS FROM `clt_feast` [ RunTime:0.020836s ]
[ sql ] [ SQL ] SELECT `id` FROM `clt_feast` WHERE  `feast_date` = '11-16'  AND `type` = 2 LIMIT 1 [ RunTime:0.000567s ]
[ sql ] [ DB ] CONNECT:[ UseTime:0.004638s ] mysql:host=127.0.0.1;port=3306;dbname=jusha;charset=utf8
[ sql ] [ SQL ] SELECT `id` FROM `clt_feast` WHERE  `feast_date` = '12-22'  AND `type` = 1 LIMIT 1 [ RunTime:0.000560s ]
[ sql ] [ SQL ] SELECT * FROM `clt_category` WHERE  `parentid` = 32 ORDER BY `sort` [ RunTime:0.000802s ]
[ sql ] [ SQL ] SELECT * FROM `clt_category` WHERE  `parentid` = 37 ORDER BY `sort` [ RunTime:0.000795s ]
[ sql ] [ SQL ] SELECT * FROM `clt_category` WHERE  `parentid` = 1 ORDER BY `sort` [ RunTime:0.000798s ]
---------------------------------------------------------------
[ 2018-12-22T23:58:56+08:00 ] 127.0.0.1 GET jusha.com/home/join/index/catId/53.html
[运行时间：0.199728s] [吞吐率：5.01req/s] [内存消耗：2,859.59kb] [文件加载：80]
[ info ] [ LANG ] E:\phpStudy\WWW\jusha\thinkphp\lang\zh-cn.php
[ info ] [ ROUTE ] array (
)
[ info ] [ HEADER ] array (
  'cookie' => 'PHPSESSID=7s7hesqoefuq9282n9rq3bsh11',
  'accept-language' => 'zh-CN,zh;q=0.9',
  'accept-encoding' => 'gzip, deflate',
  'referer' => 'http://jusha.com/',
  'accept' => 'text/html,application/xhtml+xml,application/xml;q=0.9,image/webp,image/apng,*/*;q=0.8',
  'user-agent' => 'Mozilla/5.0 (Windows NT 10.0; WOW64) AppleWebKit/537.36 (KHTML, like Gecko) Chrome/70.0.3538.77 Safari/537.36',
  'upgrade-insecure-requests' => '1',
  'connection' => 'close',
  'host' => 'jusha.com',
)
[ info ] [ PARAM ] array (
  'catId' => '53',
)
[ info ] [ DB ] INIT mysql
[ info ] [ DB ] INIT mysql
[ info ] [ VIEW ] E:\phpStudy\WWW\jusha\application\home\view\page_contact.html [ array (
  0 => 'sys',
  1 => 'action',
  2 => 'controller',
  3 => 'child',
  4 => 'catname',
  5 => 'title',
  6 => 'keywords',
  7 => 'description',
  8 => 'image',
  9 => 'imageMobile',
  10 => 'category',
  11 => 'adList',
  12 => 'bannerList',
  13 => 'linkList',
  14 => 'changyan',
  15 => 'time',
  16 => 'job',
  17 => 'info',
) ]
[ info ] [ DB ] INIT mysql
[ sql ] [ DB ] CONNECT:[ UseTime:0.004264s ] mysql:host=127.0.0.1;port=3306;dbname=jusha;charset=utf8
[ sql ] [ SQL ] SHOW COLUMNS FROM `clt_category` [ RunTime:0.024062s ]
[ sql ] [ SQL ] SELECT * FROM `clt_category` WHERE  `id` = 53 LIMIT 1 [ RunTime:0.000897s ]
[ sql ] [ SQL ] SELECT `parentid` FROM `clt_category` WHERE  `id` = 53 ORDER BY `sort` LIMIT 1 [ RunTime:0.000615s ]
[ sql ] [ SQL ] SELECT * FROM `clt_category` WHERE  `parentid` = 53 ORDER BY `sort` [ RunTime:0.000758s ]
[ sql ] [ DB ] CONNECT:[ UseTime:0.004169s ] mysql:host=127.0.0.1;port=3306;dbname=jusha;charset=utf8
[ sql ] [ SQL ] SHOW COLUMNS FROM `clt_plugin` [ RunTime:0.041789s ]
[ sql ] [ SQL ] SELECT * FROM `clt_plugin` WHERE  `code` = 'changyan' LIMIT 1 [ RunTime:0.000727s ]
[ sql ] [ SQL ] SELECT * FROM `clt_category` WHERE  `parentid` = 51  AND `ismenu` = 1 ORDER BY `sort` [ RunTime:0.000771s ]
[ sql ] [ SQL ] SHOW COLUMNS FROM `clt_page` [ RunTime:0.019810s ]
[ sql ] [ SQL ] SELECT * FROM `clt_page` WHERE  `id` = 53 LIMIT 1 [ RunTime:0.000613s ]
[ sql ] [ SQL ] SELECT `template_show` FROM `clt_category` WHERE  `id` = 53 LIMIT 1 [ RunTime:0.000490s ]
[ sql ] [ DB ] CONNECT:[ UseTime:0.004266s ] mysql:host=127.0.0.1;port=3306;dbname=jusha;charset=utf8
[ sql ] [ SQL ] SELECT * FROM `clt_category` WHERE  `id` = 54 LIMIT 1 [ RunTime:0.001028s ]
[ sql ] [ SQL ] SHOW COLUMNS FROM `clt_address` [ RunTime:0.031813s ]
[ sql ] [ SQL ] SELECT * FROM `clt_address` WHERE  ( catid = 54 and (status = 1 or (status = 0 and createtime <1545494336)) ) ORDER BY `sort` ASC,`createtime` DESC [ RunTime:0.000916s ]
---------------------------------------------------------------
[ 2018-12-22T23:58:59+08:00 ] 127.0.0.1 GET jusha.com/home/car/index/catId/55.html
[运行时间：0.171864s] [吞吐率：5.82req/s] [内存消耗：3,171.45kb] [文件加载：83]
[ info ] [ LANG ] E:\phpStudy\WWW\jusha\thinkphp\lang\zh-cn.php
[ info ] [ ROUTE ] array (
)
[ info ] [ HEADER ] array (
  'cookie' => 'PHPSESSID=7s7hesqoefuq9282n9rq3bsh11',
  'accept-language' => 'zh-CN,zh;q=0.9',
  'accept-encoding' => 'gzip, deflate',
  'referer' => 'http://jusha.com/home/join/index/catId/53.html',
  'accept' => 'text/html,application/xhtml+xml,application/xml;q=0.9,image/webp,image/apng,*/*;q=0.8',
  'user-agent' => 'Mozilla/5.0 (Windows NT 10.0; WOW64) AppleWebKit/537.36 (KHTML, like Gecko) Chrome/70.0.3538.77 Safari/537.36',
  'upgrade-insecure-requests' => '1',
  'connection' => 'close',
  'host' => 'jusha.com',
)
[ info ] [ PARAM ] array (
  'catId' => '55',
)
[ info ] [ DB ] INIT mysql
[ info ] [ DB ] INIT mysql
[ info ] [ DB ] INIT mysql
[ info ] [ DB ] INIT mysql
[ info ] [ VIEW ] E:\phpStudy\WWW\jusha\application\home\view\cars_list.html [ array (
  0 => 'sys',
  1 => 'action',
  2 => 'controller',
  3 => 'child',
  4 => 'catname',
  5 => 'title',
  6 => 'keywords',
  7 => 'description',
  8 => 'image',
  9 => 'imageMobile',
  10 => 'category',
  11 => 'adList',
  12 => 'bannerList',
  13 => 'linkList',
  14 => 'changyan',
  15 => 'time',
  16 => 'job',
  17 => 'cars',
) ]
[ sql ] [ DB ] CONNECT:[ UseTime:0.004902s ] mysql:host=127.0.0.1;port=3306;dbname=jusha;charset=utf8
[ sql ] [ SQL ] SHOW COLUMNS FROM `clt_category` [ RunTime:0.023425s ]
[ sql ] [ SQL ] SELECT * FROM `clt_category` WHERE  `id` = 55 LIMIT 1 [ RunTime:0.000880s ]
[ sql ] [ SQL ] SELECT `parentid` FROM `clt_category` WHERE  `id` = 55 ORDER BY `sort` LIMIT 1 [ RunTime:0.000555s ]
[ sql ] [ SQL ] SELECT * FROM `clt_category` WHERE  `parentid` = 55 ORDER BY `sort` [ RunTime:0.000815s ]
[ sql ] [ DB ] CONNECT:[ UseTime:0.004198s ] mysql:host=127.0.0.1;port=3306;dbname=jusha;charset=utf8
[ sql ] [ SQL ] SHOW COLUMNS FROM `clt_plugin` [ RunTime:0.021798s ]
[ sql ] [ SQL ] SELECT * FROM `clt_plugin` WHERE  `code` = 'changyan' LIMIT 1 [ RunTime:0.000680s ]
[ sql ] [ SQL ] SELECT * FROM `clt_category` WHERE  `parentid` = 51  AND `ismenu` = 1 ORDER BY `sort` [ RunTime:0.000625s ]
[ sql ] [ DB ] CONNECT:[ UseTime:0.004080s ] mysql:host=127.0.0.1;port=3306;dbname=jusha;charset=utf8
[ sql ] [ SQL ] SELECT `arrchildid` FROM `clt_category` WHERE  `id` = 55 LIMIT 1 [ RunTime:0.000553s ]
[ sql ] [ SQL ] SHOW COLUMNS FROM `clt_cars` [ RunTime:0.034062s ]
[ sql ] [ SQL ] SELECT `a`.*,`c`.`catdir` FROM `clt_cars` `a` LEFT JOIN `clt_category` `c` ON `a`.`catid`=`c`.`id` WHERE  (  catid = 55 and (status = 1 or (status = 0 and createtime <1545494339)) ) ORDER BY `sort` ASC,`createtime` DESC [ RunTime:0.000865s ]
[ sql ] [ DB ] CONNECT:[ UseTime:0.004238s ] mysql:host=127.0.0.1;port=3306;dbname=jusha;charset=utf8
[ sql ] [ SQL ] SELECT `template_list` FROM `clt_category` WHERE  `id` = 55 LIMIT 1 [ RunTime:0.000539s ]
[ error ] [8]未定义数组下标: 0[E:\phpStudy\WWW\jusha\application\home\controller\Common.php:42]
---------------------------------------------------------------
[ 2018-12-22T23:59:15+08:00 ] 127.0.0.1 GET jusha.com/home/car/index/catId/55.html
[运行时间：0.176921s] [吞吐率：5.65req/s] [内存消耗：2,941.37kb] [文件加载：80]
[ info ] [ LANG ] E:\phpStudy\WWW\jusha\thinkphp\lang\zh-cn.php
[ info ] [ ROUTE ] array (
)
[ info ] [ HEADER ] array (
  'cookie' => 'PHPSESSID=7s7hesqoefuq9282n9rq3bsh11',
  'accept-language' => 'zh-CN,zh;q=0.9',
  'accept-encoding' => 'gzip, deflate',
  'referer' => 'http://jusha.com/home/join/index/catId/53.html',
  'accept' => 'text/html,application/xhtml+xml,application/xml;q=0.9,image/webp,image/apng,*/*;q=0.8',
  'user-agent' => 'Mozilla/5.0 (Windows NT 10.0; WOW64) AppleWebKit/537.36 (KHTML, like Gecko) Chrome/70.0.3538.77 Safari/537.36',
  'upgrade-insecure-requests' => '1',
  'cache-control' => 'max-age=0',
  'connection' => 'close',
  'host' => 'jusha.com',
)
[ info ] [ PARAM ] array (
  'catId' => '55',
)
[ info ] [ DB ] INIT mysql
[ info ] [ DB ] INIT mysql
[ info ] [ DB ] INIT mysql
[ info ] [ DB ] INIT mysql
[ info ] [ VIEW ] E:\phpStudy\WWW\jusha\application\home\view\cars_list.html [ array (
  0 => 'sys',
  1 => 'action',
  2 => 'controller',
  3 => 'child',
  4 => 'catname',
  5 => 'title',
  6 => 'keywords',
  7 => 'description',
  8 => 'image',
  9 => 'imageMobile',
  10 => 'category',
  11 => 'adList',
  12 => 'bannerList',
  13 => 'linkList',
  14 => 'changyan',
  15 => 'time',
  16 => 'job',
  17 => 'cars',
) ]
[ sql ] [ DB ] CONNECT:[ UseTime:0.004706s ] mysql:host=127.0.0.1;port=3306;dbname=jusha;charset=utf8
[ sql ] [ SQL ] SHOW COLUMNS FROM `clt_category` [ RunTime:0.025785s ]
[ sql ] [ SQL ] SELECT * FROM `clt_category` WHERE  `id` = 55 LIMIT 1 [ RunTime:0.001041s ]
[ sql ] [ SQL ] SELECT `parentid` FROM `clt_category` WHERE  `id` = 55 ORDER BY `sort` LIMIT 1 [ RunTime:0.000565s ]
[ sql ] [ SQL ] SELECT * FROM `clt_category` WHERE  `parentid` = 55 ORDER BY `sort` [ RunTime:0.000928s ]
[ sql ] [ DB ] CONNECT:[ UseTime:0.005430s ] mysql:host=127.0.0.1;port=3306;dbname=jusha;charset=utf8
[ sql ] [ SQL ] SHOW COLUMNS FROM `clt_plugin` [ RunTime:0.025522s ]
[ sql ] [ SQL ] SELECT * FROM `clt_plugin` WHERE  `code` = 'changyan' LIMIT 1 [ RunTime:0.001017s ]
[ sql ] [ SQL ] SELECT * FROM `clt_category` WHERE  `parentid` = 51  AND `ismenu` = 1 ORDER BY `sort` [ RunTime:0.001060s ]
[ sql ] [ DB ] CONNECT:[ UseTime:0.004774s ] mysql:host=127.0.0.1;port=3306;dbname=jusha;charset=utf8
[ sql ] [ SQL ] SELECT `arrchildid` FROM `clt_category` WHERE  `id` = 55 LIMIT 1 [ RunTime:0.000553s ]
[ sql ] [ SQL ] SHOW COLUMNS FROM `clt_cars` [ RunTime:0.031567s ]
[ sql ] [ SQL ] SELECT `a`.*,`c`.`catdir` FROM `clt_cars` `a` LEFT JOIN `clt_category` `c` ON `a`.`catid`=`c`.`id` WHERE  (  catid = 55 and (status = 1 or (status = 0 and createtime <1545494355)) ) ORDER BY `sort` ASC,`createtime` DESC [ RunTime:0.001093s ]
[ sql ] [ DB ] CONNECT:[ UseTime:0.004772s ] mysql:host=127.0.0.1;port=3306;dbname=jusha;charset=utf8
[ sql ] [ SQL ] SELECT `template_list` FROM `clt_category` WHERE  `id` = 55 LIMIT 1 [ RunTime:0.000594s ]
[ error ] [8]未定义数组下标: 0[E:\phpStudy\WWW\jusha\application\home\controller\Common.php:42]
---------------------------------------------------------------
[ 2018-12-22T23:59:34+08:00 ] 127.0.0.1 GET jusha.com/home/car/index/catId/55.html
[运行时间：0.181518s] [吞吐率：5.51req/s] [内存消耗：3,175.13kb] [文件加载：83]
[ info ] [ LANG ] E:\phpStudy\WWW\jusha\thinkphp\lang\zh-cn.php
[ info ] [ ROUTE ] array (
)
[ info ] [ HEADER ] array (
  'cookie' => 'PHPSESSID=7s7hesqoefuq9282n9rq3bsh11',
  'accept-language' => 'zh-CN,zh;q=0.9',
  'accept-encoding' => 'gzip, deflate',
  'referer' => 'http://jusha.com/home/join/index/catId/53.html',
  'accept' => 'text/html,application/xhtml+xml,application/xml;q=0.9,image/webp,image/apng,*/*;q=0.8',
  'user-agent' => 'Mozilla/5.0 (Windows NT 10.0; WOW64) AppleWebKit/537.36 (KHTML, like Gecko) Chrome/70.0.3538.77 Safari/537.36',
  'upgrade-insecure-requests' => '1',
  'cache-control' => 'max-age=0',
  'connection' => 'close',
  'host' => 'jusha.com',
)
[ info ] [ PARAM ] array (
  'catId' => '55',
)
[ info ] [ DB ] INIT mysql
[ info ] [ DB ] INIT mysql
[ info ] [ DB ] INIT mysql
[ info ] [ DB ] INIT mysql
[ info ] [ VIEW ] E:\phpStudy\WWW\jusha\application\home\view\cars_list.html [ array (
  0 => 'sys',
  1 => 'action',
  2 => 'controller',
  3 => 'child',
  4 => 'catname',
  5 => 'title',
  6 => 'keywords',
  7 => 'description',
  8 => 'image',
  9 => 'imageMobile',
  10 => 'category',
  11 => 'adList',
  12 => 'bannerList',
  13 => 'linkList',
  14 => 'changyan',
  15 => 'time',
  16 => 'job',
  17 => 'cars',
) ]
[ sql ] [ DB ] CONNECT:[ UseTime:0.004520s ] mysql:host=127.0.0.1;port=3306;dbname=jusha;charset=utf8
[ sql ] [ SQL ] SHOW COLUMNS FROM `clt_category` [ RunTime:0.037663s ]
[ sql ] [ SQL ] SELECT * FROM `clt_category` WHERE  `id` = 55 LIMIT 1 [ RunTime:0.000976s ]
[ sql ] [ SQL ] SELECT `parentid` FROM `clt_category` WHERE  `id` = 55 ORDER BY `sort` LIMIT 1 [ RunTime:0.000635s ]
[ sql ] [ SQL ] SELECT * FROM `clt_category` WHERE  `parentid` = 55 ORDER BY `sort` [ RunTime:0.000973s ]
[ sql ] [ DB ] CONNECT:[ UseTime:0.004147s ] mysql:host=127.0.0.1;port=3306;dbname=jusha;charset=utf8
[ sql ] [ SQL ] SHOW COLUMNS FROM `clt_plugin` [ RunTime:0.027425s ]
[ sql ] [ SQL ] SELECT * FROM `clt_plugin` WHERE  `code` = 'changyan' LIMIT 1 [ RunTime:0.000717s ]
[ sql ] [ SQL ] SELECT * FROM `clt_category` WHERE  `parentid` = 51  AND `ismenu` = 1 ORDER BY `sort` [ RunTime:0.000625s ]
[ sql ] [ DB ] CONNECT:[ UseTime:0.004118s ] mysql:host=127.0.0.1;port=3306;dbname=jusha;charset=utf8
[ sql ] [ SQL ] SELECT `arrchildid` FROM `clt_category` WHERE  `id` = 55 LIMIT 1 [ RunTime:0.000530s ]
[ sql ] [ SQL ] SHOW COLUMNS FROM `clt_cars` [ RunTime:0.021581s ]
[ sql ] [ SQL ] SELECT `a`.*,`c`.`catdir` FROM `clt_cars` `a` LEFT JOIN `clt_category` `c` ON `a`.`catid`=`c`.`id` WHERE  (  catid = 55 and (status = 1 or (status = 0 and createtime <1545494374)) ) ORDER BY `sort` ASC,`createtime` DESC [ RunTime:0.000917s ]
[ sql ] [ DB ] CONNECT:[ UseTime:0.004556s ] mysql:host=127.0.0.1;port=3306;dbname=jusha;charset=utf8
[ sql ] [ SQL ] SELECT `template_list` FROM `clt_category` WHERE  `id` = 55 LIMIT 1 [ RunTime:0.000546s ]
[ error ] [8]未定义数组下标: 0[E:\phpStudy\WWW\jusha\application\home\controller\Common.php:42]
---------------------------------------------------------------
[ 2018-12-22T23:59:35+08:00 ] 127.0.0.1 GET jusha.com/home/car/index/catId/55.html
[运行时间：0.166437s] [吞吐率：6.01req/s] [内存消耗：2,944.99kb] [文件加载：80]
[ info ] [ LANG ] E:\phpStudy\WWW\jusha\thinkphp\lang\zh-cn.php
[ info ] [ ROUTE ] array (
)
[ info ] [ HEADER ] array (
  'cookie' => 'PHPSESSID=7s7hesqoefuq9282n9rq3bsh11',
  'accept-language' => 'zh-CN,zh;q=0.9',
  'accept-encoding' => 'gzip, deflate',
  'referer' => 'http://jusha.com/home/join/index/catId/53.html',
  'accept' => 'text/html,application/xhtml+xml,application/xml;q=0.9,image/webp,image/apng,*/*;q=0.8',
  'user-agent' => 'Mozilla/5.0 (Windows NT 10.0; WOW64) AppleWebKit/537.36 (KHTML, like Gecko) Chrome/70.0.3538.77 Safari/537.36',
  'upgrade-insecure-requests' => '1',
  'cache-control' => 'max-age=0',
  'connection' => 'close',
  'host' => 'jusha.com',
)
[ info ] [ PARAM ] array (
  'catId' => '55',
)
[ info ] [ DB ] INIT mysql
[ info ] [ DB ] INIT mysql
[ info ] [ DB ] INIT mysql
[ info ] [ DB ] INIT mysql
[ info ] [ VIEW ] E:\phpStudy\WWW\jusha\application\home\view\cars_list.html [ array (
  0 => 'sys',
  1 => 'action',
  2 => 'controller',
  3 => 'child',
  4 => 'catname',
  5 => 'title',
  6 => 'keywords',
  7 => 'description',
  8 => 'image',
  9 => 'imageMobile',
  10 => 'category',
  11 => 'adList',
  12 => 'bannerList',
  13 => 'linkList',
  14 => 'changyan',
  15 => 'time',
  16 => 'job',
  17 => 'cars',
) ]
[ sql ] [ DB ] CONNECT:[ UseTime:0.004131s ] mysql:host=127.0.0.1;port=3306;dbname=jusha;charset=utf8
[ sql ] [ SQL ] SHOW COLUMNS FROM `clt_category` [ RunTime:0.023482s ]
[ sql ] [ SQL ] SELECT * FROM `clt_category` WHERE  `id` = 55 LIMIT 1 [ RunTime:0.001172s ]
[ sql ] [ SQL ] SELECT `parentid` FROM `clt_category` WHERE  `id` = 55 ORDER BY `sort` LIMIT 1 [ RunTime:0.000659s ]
[ sql ] [ SQL ] SELECT * FROM `clt_category` WHERE  `parentid` = 55 ORDER BY `sort` [ RunTime:0.000880s ]
[ sql ] [ DB ] CONNECT:[ UseTime:0.004121s ] mysql:host=127.0.0.1;port=3306;dbname=jusha;charset=utf8
[ sql ] [ SQL ] SHOW COLUMNS FROM `clt_plugin` [ RunTime:0.027256s ]
[ sql ] [ SQL ] SELECT * FROM `clt_plugin` WHERE  `code` = 'changyan' LIMIT 1 [ RunTime:0.000688s ]
[ sql ] [ SQL ] SELECT * FROM `clt_category` WHERE  `parentid` = 51  AND `ismenu` = 1 ORDER BY `sort` [ RunTime:0.000627s ]
[ sql ] [ DB ] CONNECT:[ UseTime:0.004118s ] mysql:host=127.0.0.1;port=3306;dbname=jusha;charset=utf8
[ sql ] [ SQL ] SELECT `arrchildid` FROM `clt_category` WHERE  `id` = 55 LIMIT 1 [ RunTime:0.000549s ]
[ sql ] [ SQL ] SHOW COLUMNS FROM `clt_cars` [ RunTime:0.030031s ]
[ sql ] [ SQL ] SELECT `a`.*,`c`.`catdir` FROM `clt_cars` `a` LEFT JOIN `clt_category` `c` ON `a`.`catid`=`c`.`id` WHERE  (  catid = 55 and (status = 1 or (status = 0 and createtime <1545494375)) ) ORDER BY `sort` ASC,`createtime` DESC [ RunTime:0.000897s ]
[ sql ] [ DB ] CONNECT:[ UseTime:0.004203s ] mysql:host=127.0.0.1;port=3306;dbname=jusha;charset=utf8
[ sql ] [ SQL ] SELECT `template_list` FROM `clt_category` WHERE  `id` = 55 LIMIT 1 [ RunTime:0.000552s ]
[ error ] [8]未定义数组下标: 0[E:\phpStudy\WWW\jusha\application\home\controller\Common.php:42]
---------------------------------------------------------------
[ 2018-12-22T23:59:46+08:00 ] 127.0.0.1 GET jusha.com/home/car/index/catId/55.html
[运行时间：0.197035s] [吞吐率：5.08req/s] [内存消耗：3,175.38kb] [文件加载：83]
[ info ] [ LANG ] E:\phpStudy\WWW\jusha\thinkphp\lang\zh-cn.php
[ info ] [ ROUTE ] array (
)
[ info ] [ HEADER ] array (
  'cookie' => 'PHPSESSID=7s7hesqoefuq9282n9rq3bsh11',
  'accept-language' => 'zh-CN,zh;q=0.9',
  'accept-encoding' => 'gzip, deflate',
  'referer' => 'http://jusha.com/home/join/index/catId/53.html',
  'accept' => 'text/html,application/xhtml+xml,application/xml;q=0.9,image/webp,image/apng,*/*;q=0.8',
  'user-agent' => 'Mozilla/5.0 (Windows NT 10.0; WOW64) AppleWebKit/537.36 (KHTML, like Gecko) Chrome/70.0.3538.77 Safari/537.36',
  'upgrade-insecure-requests' => '1',
  'cache-control' => 'max-age=0',
  'connection' => 'close',
  'host' => 'jusha.com',
)
[ info ] [ PARAM ] array (
  'catId' => '55',
)
[ info ] [ DB ] INIT mysql
[ info ] [ DB ] INIT mysql
[ info ] [ DB ] INIT mysql
[ info ] [ DB ] INIT mysql
[ info ] [ VIEW ] E:\phpStudy\WWW\jusha\application\home\view\cars_list.html [ array (
  0 => 'sys',
  1 => 'action',
  2 => 'controller',
  3 => 'child',
  4 => 'catname',
  5 => 'title',
  6 => 'keywords',
  7 => 'description',
  8 => 'image',
  9 => 'imageMobile',
  10 => 'category',
  11 => 'adList',
  12 => 'bannerList',
  13 => 'linkList',
  14 => 'changyan',
  15 => 'time',
  16 => 'job',
  17 => 'cars',
) ]
[ sql ] [ DB ] CONNECT:[ UseTime:0.005049s ] mysql:host=127.0.0.1;port=3306;dbname=jusha;charset=utf8
[ sql ] [ SQL ] SHOW COLUMNS FROM `clt_category` [ RunTime:0.029474s ]
[ sql ] [ SQL ] SELECT * FROM `clt_category` WHERE  `id` = 55 LIMIT 1 [ RunTime:0.000922s ]
[ sql ] [ SQL ] SELECT `parentid` FROM `clt_category` WHERE  `id` = 55 ORDER BY `sort` LIMIT 1 [ RunTime:0.000493s ]
[ sql ] [ SQL ] SELECT * FROM `clt_category` WHERE  `parentid` = 55 ORDER BY `sort` [ RunTime:0.000836s ]
[ sql ] [ DB ] CONNECT:[ UseTime:0.005577s ] mysql:host=127.0.0.1;port=3306;dbname=jusha;charset=utf8
[ sql ] [ SQL ] SHOW COLUMNS FROM `clt_plugin` [ RunTime:0.025357s ]
[ sql ] [ SQL ] SELECT * FROM `clt_plugin` WHERE  `code` = 'changyan' LIMIT 1 [ RunTime:0.000892s ]
[ sql ] [ SQL ] SELECT * FROM `clt_category` WHERE  `parentid` = 51  AND `ismenu` = 1 ORDER BY `sort` [ RunTime:0.001027s ]
[ sql ] [ DB ] CONNECT:[ UseTime:0.006037s ] mysql:host=127.0.0.1;port=3306;dbname=jusha;charset=utf8
[ sql ] [ SQL ] SELECT `arrchildid` FROM `clt_category` WHERE  `id` = 55 LIMIT 1 [ RunTime:0.000531s ]
[ sql ] [ SQL ] SHOW COLUMNS FROM `clt_cars` [ RunTime:0.028005s ]
[ sql ] [ SQL ] SELECT `a`.*,`c`.`catdir` FROM `clt_cars` `a` LEFT JOIN `clt_category` `c` ON `a`.`catid`=`c`.`id` WHERE  (  catid = 55 and (status = 1 or (status = 0 and createtime <1545494386)) ) ORDER BY `sort` ASC,`createtime` DESC [ RunTime:0.001064s ]
[ sql ] [ DB ] CONNECT:[ UseTime:0.006041s ] mysql:host=127.0.0.1;port=3306;dbname=jusha;charset=utf8
[ sql ] [ SQL ] SELECT `template_list` FROM `clt_category` WHERE  `id` = 55 LIMIT 1 [ RunTime:0.000486s ]
[ error ] [8]未定义数组下标: 0[E:\phpStudy\WWW\jusha\application\home\controller\Common.php:42]
