---------------------------------------------------------------
[ 2018-12-24T10:04:40+08:00 ] 124.200.186.50 GET jusha.gitlay.com/
[运行时间：0.055206s] [吞吐率：18.11req/s] [内存消耗：3,627.00kb] [文件加载：78]
[ info ] [ LANG ] /www/wwwroot/jusha/thinkphp/lang/zh-cn.php
[ info ] [ ROUTE ] array (
  'rule' => '',
  'route' => 'home/index/index',
  'option' => 
  array (
    'merge_rule_regex' => false,
    'complete_match' => true,
  ),
  'var' => 
  array (
  ),
)
[ info ] [ HEADER ] array (
  'accept-language' => 'zh-CN,zh;q=0.9',
  'accept-encoding' => 'gzip, deflate',
  'accept' => 'text/html,application/xhtml+xml,application/xml;q=0.9,image/webp,image/apng,*/*;q=0.8',
  'user-agent' => 'Mozilla/5.0 (Windows NT 6.1; Win64; x64) AppleWebKit/537.36 (KHTML, like Gecko) Chrome/71.0.3578.80 Safari/537.36',
  'upgrade-insecure-requests' => '1',
  'connection' => 'keep-alive',
  'host' => 'jusha.gitlay.com',
  'content-type' => '',
  'content-length' => '',
)
[ info ] [ PARAM ] array (
)
[ info ] [ DB ] INIT mysql
[ info ] [ DB ] INIT mysql
[ info ] [ DB ] INIT mysql
[ info ] [ DB ] INIT mysql
[ info ] [ DB ] INIT mysql
[ info ] [ DB ] INIT mysql
[ info ] [ VIEW ] /www/wwwroot/jusha/application/home/view/index_index.html [ array (
  0 => 'sys',
  1 => 'address',
  2 => 'action',
  3 => 'controller',
  4 => 'catname',
  5 => 'title',
  6 => 'keywords',
  7 => 'description',
  8 => 'image',
  9 => 'imageMobile',
  10 => 'category',
  11 => 'adList',
  12 => 'bannerList',
  13 => 'linkList',
  14 => 'changyan',
  15 => 'time',
  16 => 'job',
  17 => 'list',
  18 => 'style',
  19 => 'js',
  20 => 'express',
  21 => 'increment',
  22 => 'news',
) ]
[ sql ] [ DB ] CONNECT:[ UseTime:0.000882s ] mysql:host=127.0.0.1;port=3306;dbname=jusha;charset=utf8
[ sql ] [ SQL ] SHOW COLUMNS FROM `clt_field` [ RunTime:0.001099s ]
[ sql ] [ SQL ] SELECT `setup` FROM `clt_field` WHERE  `id` = 240 LIMIT 1 [ RunTime:0.000450s ]
[ sql ] [ SQL ] SHOW COLUMNS FROM `clt_category` [ RunTime:0.000926s ]
[ sql ] [ SQL ] SELECT * FROM `clt_category` WHERE  `id` IS NULL LIMIT 1 [ RunTime:0.000383s ]
[ sql ] [ SQL ] SELECT * FROM `clt_category` WHERE  `parentid` = 0  AND `ismenu` = 1 ORDER BY `sort` [ RunTime:0.000605s ]
[ sql ] [ SQL ] SELECT * FROM `clt_category` WHERE  `ismenu` = 1 ORDER BY `sort` [ RunTime:0.000511s ]
[ sql ] [ SQL ] SHOW COLUMNS FROM `clt_ad` [ RunTime:0.000804s ]
[ sql ] [ SQL ] SELECT * FROM `clt_ad` WHERE  `type_id` = 1  AND `open` = 1 ORDER BY `sort` ASC LIMIT 8 [ RunTime:0.000455s ]
[ sql ] [ SQL ] SELECT * FROM `clt_ad` WHERE  `type_id` = 5  AND `open` = 1 ORDER BY `sort` ASC LIMIT 8 [ RunTime:0.000421s ]
[ sql ] [ SQL ] SHOW COLUMNS FROM `clt_link` [ RunTime:0.000815s ]
[ sql ] [ SQL ] SELECT * FROM `clt_link` WHERE  `open` = 1 ORDER BY `sort` ASC [ RunTime:0.000391s ]
[ sql ] [ DB ] CONNECT:[ UseTime:0.000413s ] mysql:host=127.0.0.1;port=3306;dbname=jusha;charset=utf8
[ sql ] [ SQL ] SHOW COLUMNS FROM `clt_plugin` [ RunTime:0.000835s ]
[ sql ] [ SQL ] SELECT * FROM `clt_plugin` WHERE  `code` = 'changyan' LIMIT 1 [ RunTime:0.000492s ]
[ sql ] [ SQL ] SELECT * FROM `clt_category` WHERE  `parentid` = 51  AND `ismenu` = 1 ORDER BY `sort` [ RunTime:0.000511s ]
[ sql ] [ DB ] CONNECT:[ UseTime:0.000383s ] mysql:host=127.0.0.1;port=3306;dbname=jusha;charset=utf8
[ sql ] [ SQL ] SHOW COLUMNS FROM `clt_article` [ RunTime:0.000871s ]
[ sql ] [ SQL ] SELECT `a`.`id`,`c`.`catdir`,`c`.`catname` FROM `clt_article` `a` LEFT JOIN `clt_category` `c` ON `a`.`catid`=`c`.`id` WHERE  `createtime` > 1545617080 ORDER BY `createtime` DESC LIMIT 15 [ RunTime:0.000467s ]
[ sql ] [ DB ] CONNECT:[ UseTime:0.000402s ] mysql:host=127.0.0.1;port=3306;dbname=jusha;charset=utf8
[ sql ] [ SQL ] SHOW COLUMNS FROM `clt_feast` [ RunTime:0.000855s ]
[ sql ] [ SQL ] SELECT `id` FROM `clt_feast` WHERE  `feast_date` = '11-18'  AND `type` = 2 LIMIT 1 [ RunTime:0.000365s ]
[ sql ] [ DB ] CONNECT:[ UseTime:0.000388s ] mysql:host=127.0.0.1;port=3306;dbname=jusha;charset=utf8
[ sql ] [ SQL ] SELECT `id` FROM `clt_feast` WHERE  `feast_date` = '12-24'  AND `type` = 1 LIMIT 1 [ RunTime:0.000372s ]
[ sql ] [ SQL ] SELECT * FROM `clt_category` WHERE  `parentid` = 32 ORDER BY `sort` [ RunTime:0.000636s ]
[ sql ] [ SQL ] SELECT * FROM `clt_category` WHERE  `parentid` = 37 ORDER BY `sort` [ RunTime:0.000541s ]
[ sql ] [ SQL ] SELECT * FROM `clt_category` WHERE  `parentid` = 1 ORDER BY `sort` [ RunTime:0.000501s ]
---------------------------------------------------------------
[ 2018-12-24T10:04:56+08:00 ] 124.200.186.50 GET jusha.gitlay.com/about-2.html
[运行时间：0.041608s] [吞吐率：24.03req/s] [内存消耗：3,346.19kb] [文件加载：77]
[ info ] [ LANG ] /www/wwwroot/jusha/thinkphp/lang/zh-cn.php
[ info ] [ ROUTE ] array (
  'rule' => 'about-<catId>',
  'route' => 'home/about/index',
  'option' => 
  array (
    'merge_rule_regex' => false,
  ),
  'var' => 
  array (
    'catId' => '2',
  ),
)
[ info ] [ HEADER ] array (
  'cookie' => 'PHPSESSID=mak4sdjdg8ti1vgktaeaqhfbou',
  'accept-language' => 'zh-CN,zh;q=0.9',
  'accept-encoding' => 'gzip, deflate',
  'referer' => 'http://jusha.gitlay.com/',
  'accept' => 'text/html,application/xhtml+xml,application/xml;q=0.9,image/webp,image/apng,*/*;q=0.8',
  'user-agent' => 'Mozilla/5.0 (Windows NT 6.1; Win64; x64) AppleWebKit/537.36 (KHTML, like Gecko) Chrome/71.0.3578.80 Safari/537.36',
  'upgrade-insecure-requests' => '1',
  'connection' => 'keep-alive',
  'host' => 'jusha.gitlay.com',
  'content-type' => '',
  'content-length' => '',
)
[ info ] [ PARAM ] array (
  'catId' => '2',
)
[ info ] [ DB ] INIT mysql
[ info ] [ DB ] INIT mysql
[ info ] [ VIEW ] /www/wwwroot/jusha/application/home/view/page_show.html [ array (
  0 => 'sys',
  1 => 'address',
  2 => 'action',
  3 => 'controller',
  4 => 'child',
  5 => 'catname',
  6 => 'title',
  7 => 'keywords',
  8 => 'description',
  9 => 'image',
  10 => 'imageMobile',
  11 => 'category',
  12 => 'adList',
  13 => 'bannerList',
  14 => 'linkList',
  15 => 'changyan',
  16 => 'time',
  17 => 'job',
  18 => 'info',
) ]
[ info ] [ DB ] INIT mysql
[ sql ] [ DB ] CONNECT:[ UseTime:0.000751s ] mysql:host=127.0.0.1;port=3306;dbname=jusha;charset=utf8
[ sql ] [ SQL ] SHOW COLUMNS FROM `clt_field` [ RunTime:0.000970s ]
[ sql ] [ SQL ] SELECT `setup` FROM `clt_field` WHERE  `id` = 240 LIMIT 1 [ RunTime:0.000400s ]
[ sql ] [ SQL ] SHOW COLUMNS FROM `clt_category` [ RunTime:0.000820s ]
[ sql ] [ SQL ] SELECT * FROM `clt_category` WHERE  `id` = 2 LIMIT 1 [ RunTime:0.000414s ]
[ sql ] [ SQL ] SELECT `parentid` FROM `clt_category` WHERE  `id` = 2 ORDER BY `sort` LIMIT 1 [ RunTime:0.000333s ]
[ sql ] [ SQL ] SELECT * FROM `clt_category` WHERE  `parentid` = 2 ORDER BY `sort` [ RunTime:0.000435s ]
[ sql ] [ DB ] CONNECT:[ UseTime:0.000479s ] mysql:host=127.0.0.1;port=3306;dbname=jusha;charset=utf8
[ sql ] [ SQL ] SHOW COLUMNS FROM `clt_plugin` [ RunTime:0.000832s ]
[ sql ] [ SQL ] SELECT * FROM `clt_plugin` WHERE  `code` = 'changyan' LIMIT 1 [ RunTime:0.000421s ]
[ sql ] [ SQL ] SELECT * FROM `clt_category` WHERE  `parentid` = 51  AND `ismenu` = 1 ORDER BY `sort` [ RunTime:0.000519s ]
[ sql ] [ SQL ] SHOW COLUMNS FROM `clt_page` [ RunTime:0.000739s ]
[ sql ] [ SQL ] SELECT * FROM `clt_page` WHERE  `id` = 2 LIMIT 1 [ RunTime:0.000324s ]
[ sql ] [ SQL ] SELECT `template_show` FROM `clt_category` WHERE  `id` = 2 LIMIT 1 [ RunTime:0.000336s ]
[ sql ] [ SQL ] SELECT `page`.*,`cat`.`catname`,`cat`.`image`,`cat`.`imageMobile`,`cat`.`catdir` FROM `clt_page` `page` LEFT JOIN `clt_category` `cat` ON `cat`.`id`=`page`.`id` WHERE  ( page.id = 44 and (page.status = 1 or (page.status = 0 and page.createtime <1545617096)) ) LIMIT 1 [ RunTime:0.000428s ]
[ sql ] [ DB ] CONNECT:[ UseTime:0.000387s ] mysql:host=127.0.0.1;port=3306;dbname=jusha;charset=utf8
[ sql ] [ SQL ] SELECT * FROM `clt_category` WHERE  `id` = 45 LIMIT 1 [ RunTime:0.000512s ]
[ sql ] [ SQL ] SHOW COLUMNS FROM `clt_picture` [ RunTime:0.000861s ]
[ sql ] [ SQL ] SELECT * FROM `clt_picture` WHERE  ( catid = 45 and (status = 1 or (status = 0 and createtime <1545617096)) ) ORDER BY `sort` ASC,`createtime` DESC [ RunTime:0.000447s ]
---------------------------------------------------------------
[ 2018-12-24T10:05:06+08:00 ] 124.200.186.50 GET jusha.gitlay.com/admin
[运行时间：0.020102s] [吞吐率：49.75req/s] [内存消耗：2,200.73kb] [文件加载：69]
[ info ] [ LANG ] /www/wwwroot/jusha/thinkphp/lang/zh-cn.php
[ info ] [ LANG ] /www/wwwroot/jusha/application/admin//lang/zh-cn.php
[ info ] [ ROUTE ] array (
)
[ info ] [ HEADER ] array (
  'cookie' => 'PHPSESSID=mak4sdjdg8ti1vgktaeaqhfbou',
  'accept-language' => 'zh-CN,zh;q=0.9',
  'accept-encoding' => 'gzip, deflate',
  'accept' => 'text/html,application/xhtml+xml,application/xml;q=0.9,image/webp,image/apng,*/*;q=0.8',
  'user-agent' => 'Mozilla/5.0 (Windows NT 6.1; Win64; x64) AppleWebKit/537.36 (KHTML, like Gecko) Chrome/71.0.3578.80 Safari/537.36',
  'upgrade-insecure-requests' => '1',
  'connection' => 'keep-alive',
  'host' => 'jusha.gitlay.com',
  'content-type' => '',
  'content-length' => '',
)
[ info ] [ PARAM ] array (
)
---------------------------------------------------------------
[ 2018-12-24T10:05:06+08:00 ] 124.200.186.50 GET jusha.gitlay.com/admin/login/index.html
[运行时间：0.022714s] [吞吐率：44.03req/s] [内存消耗：2,340.30kb] [文件加载：73]
[ info ] [ LANG ] /www/wwwroot/jusha/thinkphp/lang/zh-cn.php
[ info ] [ LANG ] /www/wwwroot/jusha/application/admin//lang/zh-cn.php
[ info ] [ ROUTE ] array (
)
[ info ] [ HEADER ] array (
  'cookie' => 'PHPSESSID=mak4sdjdg8ti1vgktaeaqhfbou',
  'accept-language' => 'zh-CN,zh;q=0.9',
  'accept-encoding' => 'gzip, deflate',
  'accept' => 'text/html,application/xhtml+xml,application/xml;q=0.9,image/webp,image/apng,*/*;q=0.8',
  'user-agent' => 'Mozilla/5.0 (Windows NT 6.1; Win64; x64) AppleWebKit/537.36 (KHTML, like Gecko) Chrome/71.0.3578.80 Safari/537.36',
  'upgrade-insecure-requests' => '1',
  'connection' => 'keep-alive',
  'host' => 'jusha.gitlay.com',
  'content-type' => '',
  'content-length' => '',
)
[ info ] [ PARAM ] array (
)
[ info ] [ VIEW ] /www/wwwroot/jusha/application/admin/view/login/index.html [ array (
  0 => 'system',
) ]
---------------------------------------------------------------
[ 2018-12-24T10:05:44+08:00 ] 124.200.186.50 GET jusha.gitlay.com/admin/login/index.html
[运行时间：0.020263s] [吞吐率：49.35req/s] [内存消耗：2,179.30kb] [文件加载：70]
[ info ] [ LANG ] /www/wwwroot/jusha/thinkphp/lang/zh-cn.php
[ info ] [ LANG ] /www/wwwroot/jusha/application/admin//lang/zh-cn.php
[ info ] [ ROUTE ] array (
)
[ info ] [ HEADER ] array (
  'cookie' => 'PHPSESSID=mak4sdjdg8ti1vgktaeaqhfbou',
  'accept-language' => 'zh-CN,zh;q=0.9',
  'accept-encoding' => 'gzip, deflate',
  'accept' => 'text/html,application/xhtml+xml,application/xml;q=0.9,image/webp,image/apng,*/*;q=0.8',
  'user-agent' => 'Mozilla/5.0 (Windows NT 6.1; Win64; x64) AppleWebKit/537.36 (KHTML, like Gecko) Chrome/71.0.3578.80 Safari/537.36',
  'upgrade-insecure-requests' => '1',
  'cache-control' => 'max-age=0',
  'connection' => 'keep-alive',
  'host' => 'jusha.gitlay.com',
  'content-type' => '',
  'content-length' => '',
)
[ info ] [ PARAM ] array (
)
[ info ] [ VIEW ] /www/wwwroot/jusha/application/admin/view/login/index.html [ array (
  0 => 'system',
) ]
---------------------------------------------------------------
[ 2018-12-24T10:05:44+08:00 ] 124.200.186.50 GET jusha.gitlay.com/favicon.ico
[运行时间：0.043325s] [吞吐率：23.08req/s] [内存消耗：3,663.22kb] [文件加载：78]
[ info ] [ LANG ] /www/wwwroot/jusha/thinkphp/lang/zh-cn.php
[ info ] [ ROUTE ] array (
)
[ info ] [ HEADER ] array (
  'cookie' => 'PHPSESSID=mak4sdjdg8ti1vgktaeaqhfbou',
  'accept-language' => 'zh-CN,zh;q=0.9',
  'accept-encoding' => 'gzip, deflate',
  'referer' => 'http://jusha.gitlay.com/admin/login/index.html',
  'accept' => 'image/webp,image/apng,image/*,*/*;q=0.8',
  'user-agent' => 'Mozilla/5.0 (Windows NT 6.1; Win64; x64) AppleWebKit/537.36 (KHTML, like Gecko) Chrome/71.0.3578.80 Safari/537.36',
  'cache-control' => 'no-cache',
  'pragma' => 'no-cache',
  'connection' => 'keep-alive',
  'host' => 'jusha.gitlay.com',
  'content-type' => '',
  'content-length' => '',
)
[ info ] [ PARAM ] array (
)
[ info ] [ DB ] INIT mysql
[ info ] [ DB ] INIT mysql
[ info ] [ DB ] INIT mysql
[ info ] [ DB ] INIT mysql
[ info ] [ DB ] INIT mysql
[ info ] [ DB ] INIT mysql
[ info ] [ VIEW ] /www/wwwroot/jusha/application/home/view/index_index.html [ array (
  0 => 'sys',
  1 => 'address',
  2 => 'action',
  3 => 'controller',
  4 => 'catname',
  5 => 'title',
  6 => 'keywords',
  7 => 'description',
  8 => 'image',
  9 => 'imageMobile',
  10 => 'category',
  11 => 'adList',
  12 => 'bannerList',
  13 => 'linkList',
  14 => 'changyan',
  15 => 'time',
  16 => 'job',
  17 => 'list',
  18 => 'style',
  19 => 'js',
  20 => 'express',
  21 => 'increment',
  22 => 'news',
) ]
[ sql ] [ DB ] CONNECT:[ UseTime:0.000638s ] mysql:host=127.0.0.1;port=3306;dbname=jusha;charset=utf8
[ sql ] [ SQL ] SHOW COLUMNS FROM `clt_field` [ RunTime:0.002103s ]
[ sql ] [ SQL ] SELECT `setup` FROM `clt_field` WHERE  `id` = 240 LIMIT 1 [ RunTime:0.000420s ]
[ sql ] [ SQL ] SHOW COLUMNS FROM `clt_category` [ RunTime:0.000904s ]
[ sql ] [ SQL ] SELECT * FROM `clt_category` WHERE  `id` IS NULL LIMIT 1 [ RunTime:0.000376s ]
[ sql ] [ DB ] CONNECT:[ UseTime:0.000388s ] mysql:host=127.0.0.1;port=3306;dbname=jusha;charset=utf8
[ sql ] [ SQL ] SHOW COLUMNS FROM `clt_plugin` [ RunTime:0.000744s ]
[ sql ] [ SQL ] SELECT * FROM `clt_plugin` WHERE  `code` = 'changyan' LIMIT 1 [ RunTime:0.000409s ]
[ sql ] [ SQL ] SELECT * FROM `clt_category` WHERE  `parentid` = 51  AND `ismenu` = 1 ORDER BY `sort` [ RunTime:0.000502s ]
[ sql ] [ DB ] CONNECT:[ UseTime:0.000389s ] mysql:host=127.0.0.1;port=3306;dbname=jusha;charset=utf8
[ sql ] [ SQL ] SHOW COLUMNS FROM `clt_article` [ RunTime:0.000820s ]
[ sql ] [ SQL ] SELECT `a`.`id`,`c`.`catdir`,`c`.`catname` FROM `clt_article` `a` LEFT JOIN `clt_category` `c` ON `a`.`catid`=`c`.`id` WHERE  `createtime` > 1545617144 ORDER BY `createtime` DESC LIMIT 15 [ RunTime:0.000429s ]
[ sql ] [ DB ] CONNECT:[ UseTime:0.000377s ] mysql:host=127.0.0.1;port=3306;dbname=jusha;charset=utf8
[ sql ] [ SQL ] SHOW COLUMNS FROM `clt_feast` [ RunTime:0.000696s ]
[ sql ] [ SQL ] SELECT `id` FROM `clt_feast` WHERE  `feast_date` = '11-18'  AND `type` = 2 LIMIT 1 [ RunTime:0.000365s ]
[ sql ] [ DB ] CONNECT:[ UseTime:0.000342s ] mysql:host=127.0.0.1;port=3306;dbname=jusha;charset=utf8
[ sql ] [ SQL ] SELECT `id` FROM `clt_feast` WHERE  `feast_date` = '12-24'  AND `type` = 1 LIMIT 1 [ RunTime:0.000463s ]
[ sql ] [ SQL ] SELECT * FROM `clt_category` WHERE  `parentid` = 32 ORDER BY `sort` [ RunTime:0.000588s ]
[ sql ] [ SQL ] SELECT * FROM `clt_category` WHERE  `parentid` = 37 ORDER BY `sort` [ RunTime:0.000507s ]
[ sql ] [ SQL ] SELECT * FROM `clt_category` WHERE  `parentid` = 1 ORDER BY `sort` [ RunTime:0.000488s ]
---------------------------------------------------------------
[ 2018-12-24T10:05:46+08:00 ] 124.200.186.50 POST jusha.gitlay.com/admin/login/index.html
[运行时间：0.038904s] [吞吐率：25.70req/s] [内存消耗：3,353.77kb] [文件加载：79]
[ info ] [ LANG ] /www/wwwroot/jusha/thinkphp/lang/zh-cn.php
[ info ] [ LANG ] /www/wwwroot/jusha/application/admin//lang/zh-cn.php
[ info ] [ ROUTE ] array (
)
[ info ] [ HEADER ] array (
  'cookie' => 'PHPSESSID=mak4sdjdg8ti1vgktaeaqhfbou',
  'accept-language' => 'zh-CN,zh;q=0.9',
  'accept-encoding' => 'gzip, deflate',
  'referer' => 'http://jusha.gitlay.com/admin/login/index.html',
  'content-type' => 'application/x-www-form-urlencoded; charset=UTF-8',
  'user-agent' => 'Mozilla/5.0 (Windows NT 6.1; Win64; x64) AppleWebKit/537.36 (KHTML, like Gecko) Chrome/71.0.3578.80 Safari/537.36',
  'x-requested-with' => 'XMLHttpRequest',
  'origin' => 'http://jusha.gitlay.com',
  'accept' => '*/*',
  'content-length' => '32',
  'connection' => 'keep-alive',
  'host' => 'jusha.gitlay.com',
)
[ info ] [ PARAM ] array (
  'username' => 'admin',
  'password' => 'admin123',
)
[ info ] [ DB ] INIT mysql
[ sql ] [ DB ] CONNECT:[ UseTime:0.000713s ] mysql:host=127.0.0.1;port=3306;dbname=jusha;charset=utf8
[ sql ] [ SQL ] SHOW COLUMNS FROM `clt_admin` [ RunTime:0.001148s ]
[ sql ] [ SQL ] SELECT * FROM `clt_admin` WHERE  `username` = 'admin' LIMIT 1 [ RunTime:0.000788s ]
---------------------------------------------------------------
[ 2018-12-24T10:05:47+08:00 ] 124.200.186.50 GET jusha.gitlay.com/admin/index/index.html
[运行时间：0.045918s] [吞吐率：21.78req/s] [内存消耗：3,997.50kb] [文件加载：78]
[ info ] [ LANG ] /www/wwwroot/jusha/thinkphp/lang/zh-cn.php
[ info ] [ LANG ] /www/wwwroot/jusha/application/admin//lang/zh-cn.php
[ info ] [ ROUTE ] array (
)
[ info ] [ HEADER ] array (
  'cookie' => 'PHPSESSID=mak4sdjdg8ti1vgktaeaqhfbou',
  'accept-language' => 'zh-CN,zh;q=0.9',
  'accept-encoding' => 'gzip, deflate',
  'referer' => 'http://jusha.gitlay.com/admin/login/index.html',
  'accept' => 'text/html,application/xhtml+xml,application/xml;q=0.9,image/webp,image/apng,*/*;q=0.8',
  'user-agent' => 'Mozilla/5.0 (Windows NT 6.1; Win64; x64) AppleWebKit/537.36 (KHTML, like Gecko) Chrome/71.0.3578.80 Safari/537.36',
  'upgrade-insecure-requests' => '1',
  'connection' => 'keep-alive',
  'host' => 'jusha.gitlay.com',
  'content-type' => '',
  'content-length' => '',
)
[ info ] [ PARAM ] array (
)
[ info ] [ DB ] INIT mysql
[ info ] [ DB ] INIT mysql
[ info ] [ DB ] INIT mysql
[ info ] [ DB ] INIT mysql
[ info ] [ DB ] INIT mysql
[ info ] [ DB ] INIT mysql
[ info ] [ DB ] INIT mysql
[ info ] [ DB ] INIT mysql
[ info ] [ DB ] INIT mysql
[ info ] [ VIEW ] /www/wwwroot/jusha/application/admin/view/index/index.html [ array (
  0 => 'menus',
) ]
[ sql ] [ DB ] CONNECT:[ UseTime:0.000684s ] mysql:host=127.0.0.1;port=3306;dbname=jusha;charset=utf8
[ sql ] [ SQL ] SHOW COLUMNS FROM `clt_field` [ RunTime:0.001053s ]
[ sql ] [ SQL ] SELECT * FROM `clt_field` WHERE  ( moduleid=1 ) ORDER BY `sort` [ RunTime:0.000620s ]
[ sql ] [ DB ] CONNECT:[ UseTime:0.000467s ] mysql:host=127.0.0.1;port=3306;dbname=jusha;charset=utf8
[ sql ] [ SQL ] SELECT * FROM `clt_field` WHERE  ( moduleid=2 ) ORDER BY `sort` [ RunTime:0.000673s ]
[ sql ] [ DB ] CONNECT:[ UseTime:0.000433s ] mysql:host=127.0.0.1;port=3306;dbname=jusha;charset=utf8
[ sql ] [ SQL ] SELECT * FROM `clt_field` WHERE  ( moduleid=3 ) ORDER BY `sort` [ RunTime:0.000558s ]
[ sql ] [ DB ] CONNECT:[ UseTime:0.000375s ] mysql:host=127.0.0.1;port=3306;dbname=jusha;charset=utf8
[ sql ] [ SQL ] SELECT * FROM `clt_field` WHERE  ( moduleid=24 ) ORDER BY `sort` [ RunTime:0.000633s ]
[ sql ] [ DB ] CONNECT:[ UseTime:0.000386s ] mysql:host=127.0.0.1;port=3306;dbname=jusha;charset=utf8
[ sql ] [ SQL ] SELECT * FROM `clt_field` WHERE  ( moduleid=5 ) ORDER BY `sort` [ RunTime:0.000666s ]
[ sql ] [ DB ] CONNECT:[ UseTime:0.000373s ] mysql:host=127.0.0.1;port=3306;dbname=jusha;charset=utf8
[ sql ] [ SQL ] SELECT * FROM `clt_field` WHERE  ( moduleid=25 ) ORDER BY `sort` [ RunTime:0.000636s ]
[ sql ] [ DB ] CONNECT:[ UseTime:0.000369s ] mysql:host=127.0.0.1;port=3306;dbname=jusha;charset=utf8
[ sql ] [ SQL ] SELECT * FROM `clt_field` WHERE  ( moduleid=26 ) ORDER BY `sort` [ RunTime:0.000640s ]
[ sql ] [ DB ] CONNECT:[ UseTime:0.000350s ] mysql:host=127.0.0.1;port=3306;dbname=jusha;charset=utf8
[ sql ] [ SQL ] SELECT * FROM `clt_field` WHERE  ( moduleid=27 ) ORDER BY `sort` [ RunTime:0.000745s ]
[ sql ] [ DB ] CONNECT:[ UseTime:0.000459s ] mysql:host=127.0.0.1;port=3306;dbname=jusha;charset=utf8
[ sql ] [ SQL ] SHOW COLUMNS FROM `clt_auth_rule` [ RunTime:0.000854s ]
[ sql ] [ SQL ] SELECT * FROM `clt_auth_rule` WHERE  ( menustatus=1 ) ORDER BY `sort` [ RunTime:0.000541s ]
---------------------------------------------------------------
[ 2018-12-24T10:05:47+08:00 ] 124.200.186.50 GET jusha.gitlay.com/admin/index/main.html
[运行时间：0.042080s] [吞吐率：23.76req/s] [内存消耗：3,815.41kb] [文件加载：76]
[ info ] [ LANG ] /www/wwwroot/jusha/thinkphp/lang/zh-cn.php
[ info ] [ LANG ] /www/wwwroot/jusha/application/admin//lang/zh-cn.php
[ info ] [ ROUTE ] array (
)
[ info ] [ HEADER ] array (
  'cookie' => 'skin=0; PHPSESSID=mak4sdjdg8ti1vgktaeaqhfbou',
  'accept-language' => 'zh-CN,zh;q=0.9',
  'accept-encoding' => 'gzip, deflate',
  'referer' => 'http://jusha.gitlay.com/admin/index/index.html',
  'accept' => 'text/html,application/xhtml+xml,application/xml;q=0.9,image/webp,image/apng,*/*;q=0.8',
  'user-agent' => 'Mozilla/5.0 (Windows NT 6.1; Win64; x64) AppleWebKit/537.36 (KHTML, like Gecko) Chrome/71.0.3578.80 Safari/537.36',
  'upgrade-insecure-requests' => '1',
  'connection' => 'keep-alive',
  'host' => 'jusha.gitlay.com',
  'content-type' => '',
  'content-length' => '',
)
[ info ] [ PARAM ] array (
)
[ info ] [ DB ] INIT mysql
[ info ] [ DB ] INIT mysql
[ info ] [ DB ] INIT mysql
[ info ] [ DB ] INIT mysql
[ info ] [ DB ] INIT mysql
[ info ] [ DB ] INIT mysql
[ info ] [ DB ] INIT mysql
[ info ] [ DB ] INIT mysql
[ info ] [ VIEW ] /www/wwwroot/jusha/application/admin/view/index/main.html [ array (
  0 => 'config',
) ]
[ sql ] [ DB ] CONNECT:[ UseTime:0.000621s ] mysql:host=127.0.0.1;port=3306;dbname=jusha;charset=utf8
[ sql ] [ SQL ] SHOW COLUMNS FROM `clt_field` [ RunTime:0.001068s ]
[ sql ] [ SQL ] SELECT * FROM `clt_field` WHERE  ( moduleid=1 ) ORDER BY `sort` [ RunTime:0.000611s ]
[ sql ] [ DB ] CONNECT:[ UseTime:0.000399s ] mysql:host=127.0.0.1;port=3306;dbname=jusha;charset=utf8
[ sql ] [ SQL ] SELECT * FROM `clt_field` WHERE  ( moduleid=2 ) ORDER BY `sort` [ RunTime:0.000585s ]
[ sql ] [ DB ] CONNECT:[ UseTime:0.000357s ] mysql:host=127.0.0.1;port=3306;dbname=jusha;charset=utf8
[ sql ] [ SQL ] SELECT * FROM `clt_field` WHERE  ( moduleid=3 ) ORDER BY `sort` [ RunTime:0.000651s ]
[ sql ] [ DB ] CONNECT:[ UseTime:0.000351s ] mysql:host=127.0.0.1;port=3306;dbname=jusha;charset=utf8
[ sql ] [ SQL ] SELECT * FROM `clt_field` WHERE  ( moduleid=24 ) ORDER BY `sort` [ RunTime:0.000636s ]
[ sql ] [ DB ] CONNECT:[ UseTime:0.000382s ] mysql:host=127.0.0.1;port=3306;dbname=jusha;charset=utf8
[ sql ] [ SQL ] SELECT * FROM `clt_field` WHERE  ( moduleid=5 ) ORDER BY `sort` [ RunTime:0.000667s ]
[ sql ] [ DB ] CONNECT:[ UseTime:0.000348s ] mysql:host=127.0.0.1;port=3306;dbname=jusha;charset=utf8
[ sql ] [ SQL ] SELECT * FROM `clt_field` WHERE  ( moduleid=25 ) ORDER BY `sort` [ RunTime:0.000665s ]
[ sql ] [ DB ] CONNECT:[ UseTime:0.000358s ] mysql:host=127.0.0.1;port=3306;dbname=jusha;charset=utf8
[ sql ] [ SQL ] SELECT * FROM `clt_field` WHERE  ( moduleid=26 ) ORDER BY `sort` [ RunTime:0.000665s ]
[ sql ] [ DB ] CONNECT:[ UseTime:0.000389s ] mysql:host=127.0.0.1;port=3306;dbname=jusha;charset=utf8
[ sql ] [ SQL ] SELECT * FROM `clt_field` WHERE  ( moduleid=27 ) ORDER BY `sort` [ RunTime:0.000709s ]
[ sql ] [ SQL ] SELECT VERSION() AS ver [ RunTime:0.000274s ]
---------------------------------------------------------------
[ 2018-12-24T10:05:47+08:00 ] 124.200.186.50 GET jusha.gitlay.com/favicon.ico
[运行时间：0.042206s] [吞吐率：23.69req/s] [内存消耗：3,663.48kb] [文件加载：78]
[ info ] [ LANG ] /www/wwwroot/jusha/thinkphp/lang/zh-cn.php
[ info ] [ ROUTE ] array (
)
[ info ] [ HEADER ] array (
  'cookie' => 'PHPSESSID=mak4sdjdg8ti1vgktaeaqhfbou',
  'accept-language' => 'zh-CN,zh;q=0.9',
  'accept-encoding' => 'gzip, deflate',
  'referer' => 'http://jusha.gitlay.com/admin/index/index.html',
  'accept' => 'image/webp,image/apng,image/*,*/*;q=0.8',
  'user-agent' => 'Mozilla/5.0 (Windows NT 6.1; Win64; x64) AppleWebKit/537.36 (KHTML, like Gecko) Chrome/71.0.3578.80 Safari/537.36',
  'connection' => 'keep-alive',
  'host' => 'jusha.gitlay.com',
  'content-type' => '',
  'content-length' => '',
)
[ info ] [ PARAM ] array (
)
[ info ] [ DB ] INIT mysql
[ info ] [ DB ] INIT mysql
[ info ] [ DB ] INIT mysql
[ info ] [ DB ] INIT mysql
[ info ] [ DB ] INIT mysql
[ info ] [ DB ] INIT mysql
[ info ] [ VIEW ] /www/wwwroot/jusha/application/home/view/index_index.html [ array (
  0 => 'sys',
  1 => 'address',
  2 => 'action',
  3 => 'controller',
  4 => 'catname',
  5 => 'title',
  6 => 'keywords',
  7 => 'description',
  8 => 'image',
  9 => 'imageMobile',
  10 => 'category',
  11 => 'adList',
  12 => 'bannerList',
  13 => 'linkList',
  14 => 'changyan',
  15 => 'time',
  16 => 'job',
  17 => 'list',
  18 => 'style',
  19 => 'js',
  20 => 'express',
  21 => 'increment',
  22 => 'news',
) ]
[ sql ] [ DB ] CONNECT:[ UseTime:0.000675s ] mysql:host=127.0.0.1;port=3306;dbname=jusha;charset=utf8
[ sql ] [ SQL ] SHOW COLUMNS FROM `clt_field` [ RunTime:0.000904s ]
[ sql ] [ SQL ] SELECT `setup` FROM `clt_field` WHERE  `id` = 240 LIMIT 1 [ RunTime:0.000401s ]
[ sql ] [ SQL ] SHOW COLUMNS FROM `clt_category` [ RunTime:0.000907s ]
[ sql ] [ SQL ] SELECT * FROM `clt_category` WHERE  `id` IS NULL LIMIT 1 [ RunTime:0.000389s ]
[ sql ] [ DB ] CONNECT:[ UseTime:0.000408s ] mysql:host=127.0.0.1;port=3306;dbname=jusha;charset=utf8
[ sql ] [ SQL ] SHOW COLUMNS FROM `clt_plugin` [ RunTime:0.000720s ]
[ sql ] [ SQL ] SELECT * FROM `clt_plugin` WHERE  `code` = 'changyan' LIMIT 1 [ RunTime:0.000434s ]
[ sql ] [ SQL ] SELECT * FROM `clt_category` WHERE  `parentid` = 51  AND `ismenu` = 1 ORDER BY `sort` [ RunTime:0.000438s ]
[ sql ] [ DB ] CONNECT:[ UseTime:0.000367s ] mysql:host=127.0.0.1;port=3306;dbname=jusha;charset=utf8
[ sql ] [ SQL ] SHOW COLUMNS FROM `clt_article` [ RunTime:0.000845s ]
[ sql ] [ SQL ] SELECT `a`.`id`,`c`.`catdir`,`c`.`catname` FROM `clt_article` `a` LEFT JOIN `clt_category` `c` ON `a`.`catid`=`c`.`id` WHERE  `createtime` > 1545617147 ORDER BY `createtime` DESC LIMIT 15 [ RunTime:0.000358s ]
[ sql ] [ DB ] CONNECT:[ UseTime:0.000381s ] mysql:host=127.0.0.1;port=3306;dbname=jusha;charset=utf8
[ sql ] [ SQL ] SHOW COLUMNS FROM `clt_feast` [ RunTime:0.000900s ]
[ sql ] [ SQL ] SELECT `id` FROM `clt_feast` WHERE  `feast_date` = '11-18'  AND `type` = 2 LIMIT 1 [ RunTime:0.000401s ]
[ sql ] [ DB ] CONNECT:[ UseTime:0.000393s ] mysql:host=127.0.0.1;port=3306;dbname=jusha;charset=utf8
[ sql ] [ SQL ] SELECT `id` FROM `clt_feast` WHERE  `feast_date` = '12-24'  AND `type` = 1 LIMIT 1 [ RunTime:0.000295s ]
[ sql ] [ SQL ] SELECT * FROM `clt_category` WHERE  `parentid` = 32 ORDER BY `sort` [ RunTime:0.000620s ]
[ sql ] [ SQL ] SELECT * FROM `clt_category` WHERE  `parentid` = 37 ORDER BY `sort` [ RunTime:0.000496s ]
[ sql ] [ SQL ] SELECT * FROM `clt_category` WHERE  `parentid` = 1 ORDER BY `sort` [ RunTime:0.000483s ]
---------------------------------------------------------------
[ 2018-12-24T10:05:53+08:00 ] 124.200.186.50 GET jusha.gitlay.com/admin/auth/adminlist.html
[运行时间：0.047513s] [吞吐率：21.05req/s] [内存消耗：4,146.48kb] [文件加载：83]
[ info ] [ LANG ] /www/wwwroot/jusha/thinkphp/lang/zh-cn.php
[ info ] [ LANG ] /www/wwwroot/jusha/application/admin//lang/zh-cn.php
[ info ] [ ROUTE ] array (
)
[ info ] [ HEADER ] array (
  'cookie' => 'PHPSESSID=mak4sdjdg8ti1vgktaeaqhfbou',
  'accept-language' => 'zh-CN,zh;q=0.9',
  'accept-encoding' => 'gzip, deflate',
  'referer' => 'http://jusha.gitlay.com/admin/index/index.html',
  'accept' => 'text/html,application/xhtml+xml,application/xml;q=0.9,image/webp,image/apng,*/*;q=0.8',
  'user-agent' => 'Mozilla/5.0 (Windows NT 6.1; Win64; x64) AppleWebKit/537.36 (KHTML, like Gecko) Chrome/71.0.3578.80 Safari/537.36',
  'upgrade-insecure-requests' => '1',
  'connection' => 'keep-alive',
  'host' => 'jusha.gitlay.com',
  'content-type' => '',
  'content-length' => '',
)
[ info ] [ PARAM ] array (
)
[ info ] [ DB ] INIT mysql
[ info ] [ DB ] INIT mysql
[ info ] [ DB ] INIT mysql
[ info ] [ DB ] INIT mysql
[ info ] [ DB ] INIT mysql
[ info ] [ DB ] INIT mysql
[ info ] [ DB ] INIT mysql
[ info ] [ DB ] INIT mysql
[ info ] [ VIEW ] /www/wwwroot/jusha/application/admin/view/auth/admin_list.html [ array (
) ]
[ sql ] [ DB ] CONNECT:[ UseTime:0.000607s ] mysql:host=127.0.0.1;port=3306;dbname=jusha;charset=utf8
[ sql ] [ SQL ] SHOW COLUMNS FROM `clt_field` [ RunTime:0.000891s ]
[ sql ] [ SQL ] SELECT * FROM `clt_field` WHERE  ( moduleid=1 ) ORDER BY `sort` [ RunTime:0.000602s ]
[ sql ] [ DB ] CONNECT:[ UseTime:0.000429s ] mysql:host=127.0.0.1;port=3306;dbname=jusha;charset=utf8
[ sql ] [ SQL ] SELECT * FROM `clt_field` WHERE  ( moduleid=2 ) ORDER BY `sort` [ RunTime:0.000574s ]
[ sql ] [ DB ] CONNECT:[ UseTime:0.000382s ] mysql:host=127.0.0.1;port=3306;dbname=jusha;charset=utf8
[ sql ] [ SQL ] SELECT * FROM `clt_field` WHERE  ( moduleid=3 ) ORDER BY `sort` [ RunTime:0.000660s ]
[ sql ] [ DB ] CONNECT:[ UseTime:0.000352s ] mysql:host=127.0.0.1;port=3306;dbname=jusha;charset=utf8
[ sql ] [ SQL ] SELECT * FROM `clt_field` WHERE  ( moduleid=24 ) ORDER BY `sort` [ RunTime:0.000576s ]
[ sql ] [ DB ] CONNECT:[ UseTime:0.000371s ] mysql:host=127.0.0.1;port=3306;dbname=jusha;charset=utf8
[ sql ] [ SQL ] SELECT * FROM `clt_field` WHERE  ( moduleid=5 ) ORDER BY `sort` [ RunTime:0.000981s ]
[ sql ] [ DB ] CONNECT:[ UseTime:0.000383s ] mysql:host=127.0.0.1;port=3306;dbname=jusha;charset=utf8
[ sql ] [ SQL ] SELECT * FROM `clt_field` WHERE  ( moduleid=25 ) ORDER BY `sort` [ RunTime:0.000570s ]
[ sql ] [ DB ] CONNECT:[ UseTime:0.000368s ] mysql:host=127.0.0.1;port=3306;dbname=jusha;charset=utf8
[ sql ] [ SQL ] SELECT * FROM `clt_field` WHERE  ( moduleid=26 ) ORDER BY `sort` [ RunTime:0.000598s ]
[ sql ] [ DB ] CONNECT:[ UseTime:0.000377s ] mysql:host=127.0.0.1;port=3306;dbname=jusha;charset=utf8
[ sql ] [ SQL ] SELECT * FROM `clt_field` WHERE  ( moduleid=27 ) ORDER BY `sort` [ RunTime:0.000763s ]
---------------------------------------------------------------
[ 2018-12-24T10:05:53+08:00 ] 124.200.186.50 POST jusha.gitlay.com/admin/auth/adminlist.html
[运行时间：0.042751s] [吞吐率：23.39req/s] [内存消耗：3,886.64kb] [文件加载：76]
[ info ] [ LANG ] /www/wwwroot/jusha/thinkphp/lang/zh-cn.php
[ info ] [ LANG ] /www/wwwroot/jusha/application/admin//lang/zh-cn.php
[ info ] [ ROUTE ] array (
)
[ info ] [ HEADER ] array (
  'cookie' => 'skin=0; PHPSESSID=mak4sdjdg8ti1vgktaeaqhfbou',
  'accept-language' => 'zh-CN,zh;q=0.9',
  'accept-encoding' => 'gzip, deflate',
  'referer' => 'http://jusha.gitlay.com/admin/auth/adminlist.html',
  'content-type' => 'application/x-www-form-urlencoded; charset=UTF-8',
  'user-agent' => 'Mozilla/5.0 (Windows NT 6.1; Win64; x64) AppleWebKit/537.36 (KHTML, like Gecko) Chrome/71.0.3578.80 Safari/537.36',
  'x-requested-with' => 'XMLHttpRequest',
  'origin' => 'http://jusha.gitlay.com',
  'accept' => 'application/json, text/javascript, */*; q=0.01',
  'content-length' => '15',
  'connection' => 'keep-alive',
  'host' => 'jusha.gitlay.com',
)
[ info ] [ PARAM ] array (
  'page' => '1',
  'limit' => '10',
)
[ info ] [ DB ] INIT mysql
[ info ] [ DB ] INIT mysql
[ info ] [ DB ] INIT mysql
[ info ] [ DB ] INIT mysql
[ info ] [ DB ] INIT mysql
[ info ] [ DB ] INIT mysql
[ info ] [ DB ] INIT mysql
[ info ] [ DB ] INIT mysql
[ sql ] [ DB ] CONNECT:[ UseTime:0.000621s ] mysql:host=127.0.0.1;port=3306;dbname=jusha;charset=utf8
[ sql ] [ SQL ] SHOW COLUMNS FROM `clt_field` [ RunTime:0.000889s ]
[ sql ] [ SQL ] SELECT * FROM `clt_field` WHERE  ( moduleid=1 ) ORDER BY `sort` [ RunTime:0.000585s ]
[ sql ] [ DB ] CONNECT:[ UseTime:0.000402s ] mysql:host=127.0.0.1;port=3306;dbname=jusha;charset=utf8
[ sql ] [ SQL ] SELECT * FROM `clt_field` WHERE  ( moduleid=2 ) ORDER BY `sort` [ RunTime:0.000585s ]
[ sql ] [ DB ] CONNECT:[ UseTime:0.000384s ] mysql:host=127.0.0.1;port=3306;dbname=jusha;charset=utf8
[ sql ] [ SQL ] SELECT * FROM `clt_field` WHERE  ( moduleid=3 ) ORDER BY `sort` [ RunTime:0.000577s ]
[ sql ] [ DB ] CONNECT:[ UseTime:0.000357s ] mysql:host=127.0.0.1;port=3306;dbname=jusha;charset=utf8
[ sql ] [ SQL ] SELECT * FROM `clt_field` WHERE  ( moduleid=24 ) ORDER BY `sort` [ RunTime:0.000557s ]
[ sql ] [ DB ] CONNECT:[ UseTime:0.000374s ] mysql:host=127.0.0.1;port=3306;dbname=jusha;charset=utf8
[ sql ] [ SQL ] SELECT * FROM `clt_field` WHERE  ( moduleid=5 ) ORDER BY `sort` [ RunTime:0.000596s ]
[ sql ] [ DB ] CONNECT:[ UseTime:0.000376s ] mysql:host=127.0.0.1;port=3306;dbname=jusha;charset=utf8
[ sql ] [ SQL ] SELECT * FROM `clt_field` WHERE  ( moduleid=25 ) ORDER BY `sort` [ RunTime:0.000575s ]
[ sql ] [ DB ] CONNECT:[ UseTime:0.000365s ] mysql:host=127.0.0.1;port=3306;dbname=jusha;charset=utf8
[ sql ] [ SQL ] SELECT * FROM `clt_field` WHERE  ( moduleid=26 ) ORDER BY `sort` [ RunTime:0.000602s ]
[ sql ] [ DB ] CONNECT:[ UseTime:0.000364s ] mysql:host=127.0.0.1;port=3306;dbname=jusha;charset=utf8
[ sql ] [ SQL ] SELECT * FROM `clt_field` WHERE  ( moduleid=27 ) ORDER BY `sort` [ RunTime:0.000800s ]
[ sql ] [ SQL ] SHOW COLUMNS FROM `clt_admin` [ RunTime:0.000857s ]
[ sql ] [ SQL ] SELECT `a`.*,`ag`.`title` FROM `clt_admin` `a` LEFT JOIN `clt_auth_group` `ag` ON `a`.`group_id`=`ag`.`group_id` [ RunTime:0.000626s ]
---------------------------------------------------------------
[ 2018-12-24T10:05:56+08:00 ] 124.200.186.50 POST jusha.gitlay.com/admin/auth/admindel.html
[运行时间：0.048485s] [吞吐率：20.62req/s] [内存消耗：4,173.56kb] [文件加载：81]
[ info ] [ LANG ] /www/wwwroot/jusha/thinkphp/lang/zh-cn.php
[ info ] [ LANG ] /www/wwwroot/jusha/application/admin//lang/zh-cn.php
[ info ] [ ROUTE ] array (
)
[ info ] [ HEADER ] array (
  'cookie' => 'skin=0; PHPSESSID=mak4sdjdg8ti1vgktaeaqhfbou',
  'accept-language' => 'zh-CN,zh;q=0.9',
  'accept-encoding' => 'gzip, deflate',
  'referer' => 'http://jusha.gitlay.com/admin/auth/adminlist.html',
  'content-type' => 'application/x-www-form-urlencoded; charset=UTF-8',
  'user-agent' => 'Mozilla/5.0 (Windows NT 6.1; Win64; x64) AppleWebKit/537.36 (KHTML, like Gecko) Chrome/71.0.3578.80 Safari/537.36',
  'x-requested-with' => 'XMLHttpRequest',
  'origin' => 'http://jusha.gitlay.com',
  'accept' => '*/*',
  'content-length' => '11',
  'connection' => 'keep-alive',
  'host' => 'jusha.gitlay.com',
)
[ info ] [ PARAM ] array (
  'admin_id' => '11',
)
[ info ] [ DB ] INIT mysql
[ info ] [ DB ] INIT mysql
[ info ] [ DB ] INIT mysql
[ info ] [ DB ] INIT mysql
[ info ] [ DB ] INIT mysql
[ info ] [ DB ] INIT mysql
[ info ] [ DB ] INIT mysql
[ info ] [ DB ] INIT mysql
[ sql ] [ DB ] CONNECT:[ UseTime:0.000720s ] mysql:host=127.0.0.1;port=3306;dbname=jusha;charset=utf8
[ sql ] [ SQL ] SHOW COLUMNS FROM `clt_field` [ RunTime:0.000949s ]
[ sql ] [ SQL ] SELECT * FROM `clt_field` WHERE  ( moduleid=1 ) ORDER BY `sort` [ RunTime:0.000738s ]
[ sql ] [ DB ] CONNECT:[ UseTime:0.000463s ] mysql:host=127.0.0.1;port=3306;dbname=jusha;charset=utf8
[ sql ] [ SQL ] SELECT * FROM `clt_field` WHERE  ( moduleid=2 ) ORDER BY `sort` [ RunTime:0.000629s ]
[ sql ] [ DB ] CONNECT:[ UseTime:0.000397s ] mysql:host=127.0.0.1;port=3306;dbname=jusha;charset=utf8
[ sql ] [ SQL ] SELECT * FROM `clt_field` WHERE  ( moduleid=3 ) ORDER BY `sort` [ RunTime:0.000622s ]
[ sql ] [ DB ] CONNECT:[ UseTime:0.000362s ] mysql:host=127.0.0.1;port=3306;dbname=jusha;charset=utf8
[ sql ] [ SQL ] SELECT * FROM `clt_field` WHERE  ( moduleid=24 ) ORDER BY `sort` [ RunTime:0.000553s ]
[ sql ] [ DB ] CONNECT:[ UseTime:0.000361s ] mysql:host=127.0.0.1;port=3306;dbname=jusha;charset=utf8
[ sql ] [ SQL ] SELECT * FROM `clt_field` WHERE  ( moduleid=5 ) ORDER BY `sort` [ RunTime:0.000601s ]
[ sql ] [ DB ] CONNECT:[ UseTime:0.000362s ] mysql:host=127.0.0.1;port=3306;dbname=jusha;charset=utf8
[ sql ] [ SQL ] SELECT * FROM `clt_field` WHERE  ( moduleid=25 ) ORDER BY `sort` [ RunTime:0.000580s ]
[ sql ] [ DB ] CONNECT:[ UseTime:0.000373s ] mysql:host=127.0.0.1;port=3306;dbname=jusha;charset=utf8
[ sql ] [ SQL ] SELECT * FROM `clt_field` WHERE  ( moduleid=26 ) ORDER BY `sort` [ RunTime:0.000609s ]
[ sql ] [ DB ] CONNECT:[ UseTime:0.000377s ] mysql:host=127.0.0.1;port=3306;dbname=jusha;charset=utf8
[ sql ] [ SQL ] SELECT * FROM `clt_field` WHERE  ( moduleid=27 ) ORDER BY `sort` [ RunTime:0.000755s ]
[ sql ] [ SQL ] SHOW COLUMNS FROM `clt_admin` [ RunTime:0.000879s ]
[ sql ] [ SQL ] DELETE FROM `clt_admin` WHERE  `admin_id` = 11 [ RunTime:0.002563s ]
---------------------------------------------------------------
[ 2018-12-24T10:05:57+08:00 ] 124.200.186.50 GET jusha.gitlay.com/admin/auth/adminedit.html?admin_id=1
[运行时间：0.052646s] [吞吐率：18.99req/s] [内存消耗：4,542.38kb] [文件加载：92]
[ info ] [ LANG ] /www/wwwroot/jusha/thinkphp/lang/zh-cn.php
[ info ] [ LANG ] /www/wwwroot/jusha/application/admin//lang/zh-cn.php
[ info ] [ ROUTE ] array (
)
[ info ] [ HEADER ] array (
  'cookie' => 'skin=0; PHPSESSID=mak4sdjdg8ti1vgktaeaqhfbou',
  'accept-language' => 'zh-CN,zh;q=0.9',
  'accept-encoding' => 'gzip, deflate',
  'referer' => 'http://jusha.gitlay.com/admin/auth/adminlist.html',
  'accept' => 'text/html,application/xhtml+xml,application/xml;q=0.9,image/webp,image/apng,*/*;q=0.8',
  'user-agent' => 'Mozilla/5.0 (Windows NT 6.1; Win64; x64) AppleWebKit/537.36 (KHTML, like Gecko) Chrome/71.0.3578.80 Safari/537.36',
  'upgrade-insecure-requests' => '1',
  'connection' => 'keep-alive',
  'host' => 'jusha.gitlay.com',
  'content-type' => '',
  'content-length' => '',
)
[ info ] [ PARAM ] array (
  'admin_id' => '1',
)
[ info ] [ DB ] INIT mysql
[ info ] [ DB ] INIT mysql
[ info ] [ DB ] INIT mysql
[ info ] [ DB ] INIT mysql
[ info ] [ DB ] INIT mysql
[ info ] [ DB ] INIT mysql
[ info ] [ DB ] INIT mysql
[ info ] [ DB ] INIT mysql
[ info ] [ VIEW ] /www/wwwroot/jusha/application/admin/view/auth/adminForm.html [ array (
  0 => 'info',
  1 => 'authGroup',
  2 => 'title',
) ]
[ sql ] [ DB ] CONNECT:[ UseTime:0.000604s ] mysql:host=127.0.0.1;port=3306;dbname=jusha;charset=utf8
[ sql ] [ SQL ] SHOW COLUMNS FROM `clt_field` [ RunTime:0.000916s ]
[ sql ] [ SQL ] SELECT * FROM `clt_field` WHERE  ( moduleid=1 ) ORDER BY `sort` [ RunTime:0.000605s ]
[ sql ] [ DB ] CONNECT:[ UseTime:0.000428s ] mysql:host=127.0.0.1;port=3306;dbname=jusha;charset=utf8
[ sql ] [ SQL ] SELECT * FROM `clt_field` WHERE  ( moduleid=2 ) ORDER BY `sort` [ RunTime:0.000554s ]
[ sql ] [ DB ] CONNECT:[ UseTime:0.000387s ] mysql:host=127.0.0.1;port=3306;dbname=jusha;charset=utf8
[ sql ] [ SQL ] SELECT * FROM `clt_field` WHERE  ( moduleid=3 ) ORDER BY `sort` [ RunTime:0.000565s ]
[ sql ] [ DB ] CONNECT:[ UseTime:0.000347s ] mysql:host=127.0.0.1;port=3306;dbname=jusha;charset=utf8
[ sql ] [ SQL ] SELECT * FROM `clt_field` WHERE  ( moduleid=24 ) ORDER BY `sort` [ RunTime:0.000562s ]
[ sql ] [ DB ] CONNECT:[ UseTime:0.000353s ] mysql:host=127.0.0.1;port=3306;dbname=jusha;charset=utf8
[ sql ] [ SQL ] SELECT * FROM `clt_field` WHERE  ( moduleid=5 ) ORDER BY `sort` [ RunTime:0.000590s ]
[ sql ] [ DB ] CONNECT:[ UseTime:0.000376s ] mysql:host=127.0.0.1;port=3306;dbname=jusha;charset=utf8
[ sql ] [ SQL ] SELECT * FROM `clt_field` WHERE  ( moduleid=25 ) ORDER BY `sort` [ RunTime:0.000561s ]
[ sql ] [ DB ] CONNECT:[ UseTime:0.000355s ] mysql:host=127.0.0.1;port=3306;dbname=jusha;charset=utf8
[ sql ] [ SQL ] SELECT * FROM `clt_field` WHERE  ( moduleid=26 ) ORDER BY `sort` [ RunTime:0.000618s ]
[ sql ] [ DB ] CONNECT:[ UseTime:0.000365s ] mysql:host=127.0.0.1;port=3306;dbname=jusha;charset=utf8
[ sql ] [ SQL ] SELECT * FROM `clt_field` WHERE  ( moduleid=27 ) ORDER BY `sort` [ RunTime:0.000771s ]
[ sql ] [ SQL ] SHOW COLUMNS FROM `clt_auth_group` [ RunTime:0.000745s ]
[ sql ] [ SQL ] SELECT * FROM `clt_auth_group` [ RunTime:0.000301s ]
[ sql ] [ SQL ] SHOW COLUMNS FROM `clt_admin` [ RunTime:0.000737s ]
[ sql ] [ SQL ] SELECT `admin_id`,`username`,`group_id`,`email`,`realname`,`tel`,`ip`,`add_time`,`mdemail`,`is_open`,`avatar` FROM `clt_admin` WHERE  `admin_id` = 1 LIMIT 1 [ RunTime:0.000388s ]
---------------------------------------------------------------
[ 2018-12-24T10:06:40+08:00 ] 124.200.186.50 POST jusha.gitlay.com/admin/auth/adminedit.html?admin_id=1
[运行时间：0.161577s] [吞吐率：6.19req/s] [内存消耗：4,245.27kb] [文件加载：84]
[ info ] [ LANG ] /www/wwwroot/jusha/thinkphp/lang/zh-cn.php
[ info ] [ LANG ] /www/wwwroot/jusha/application/admin//lang/zh-cn.php
[ info ] [ ROUTE ] array (
)
[ info ] [ HEADER ] array (
  'cookie' => 'skin=0; PHPSESSID=mak4sdjdg8ti1vgktaeaqhfbou',
  'accept-language' => 'zh-CN,zh;q=0.9',
  'accept-encoding' => 'gzip, deflate',
  'referer' => 'http://jusha.gitlay.com/admin/auth/adminedit.html?admin_id=1',
  'content-type' => 'application/x-www-form-urlencoded; charset=UTF-8',
  'user-agent' => 'Mozilla/5.0 (Windows NT 6.1; Win64; x64) AppleWebKit/537.36 (KHTML, like Gecko) Chrome/71.0.3578.80 Safari/537.36',
  'x-requested-with' => 'XMLHttpRequest',
  'origin' => 'http://jusha.gitlay.com',
  'accept' => '*/*',
  'content-length' => '162',
  'connection' => 'keep-alive',
  'host' => 'jusha.gitlay.com',
)
[ info ] [ PARAM ] array (
  'admin_id' => '1',
  'group_id' => '1',
  'username' => 'admin',
  'pwd' => '0311cn.net',
  'avatar' => '/uploads/20180625/f266169c2956429d9aaea6cf6f1e51cb.jpg',
  'file' => '',
  'email' => 'admin@qq.com',
  'tel' => '15033332222',
)
[ info ] [ DB ] INIT mysql
[ info ] [ DB ] INIT mysql
[ info ] [ DB ] INIT mysql
[ info ] [ DB ] INIT mysql
[ info ] [ DB ] INIT mysql
[ info ] [ DB ] INIT mysql
[ info ] [ DB ] INIT mysql
[ info ] [ DB ] INIT mysql
[ sql ] [ DB ] CONNECT:[ UseTime:0.000794s ] mysql:host=127.0.0.1;port=3306;dbname=jusha;charset=utf8
[ sql ] [ SQL ] SHOW COLUMNS FROM `clt_field` [ RunTime:0.000898s ]
[ sql ] [ SQL ] SELECT * FROM `clt_field` WHERE  ( moduleid=1 ) ORDER BY `sort` [ RunTime:0.000610s ]
[ sql ] [ DB ] CONNECT:[ UseTime:0.000386s ] mysql:host=127.0.0.1;port=3306;dbname=jusha;charset=utf8
[ sql ] [ SQL ] SELECT * FROM `clt_field` WHERE  ( moduleid=2 ) ORDER BY `sort` [ RunTime:0.000593s ]
[ sql ] [ DB ] CONNECT:[ UseTime:0.000386s ] mysql:host=127.0.0.1;port=3306;dbname=jusha;charset=utf8
[ sql ] [ SQL ] SELECT * FROM `clt_field` WHERE  ( moduleid=3 ) ORDER BY `sort` [ RunTime:0.000567s ]
[ sql ] [ DB ] CONNECT:[ UseTime:0.000343s ] mysql:host=127.0.0.1;port=3306;dbname=jusha;charset=utf8
[ sql ] [ SQL ] SELECT * FROM `clt_field` WHERE  ( moduleid=24 ) ORDER BY `sort` [ RunTime:0.000573s ]
[ sql ] [ DB ] CONNECT:[ UseTime:0.000370s ] mysql:host=127.0.0.1;port=3306;dbname=jusha;charset=utf8
[ sql ] [ SQL ] SELECT * FROM `clt_field` WHERE  ( moduleid=5 ) ORDER BY `sort` [ RunTime:0.000580s ]
[ sql ] [ DB ] CONNECT:[ UseTime:0.000372s ] mysql:host=127.0.0.1;port=3306;dbname=jusha;charset=utf8
[ sql ] [ SQL ] SELECT * FROM `clt_field` WHERE  ( moduleid=25 ) ORDER BY `sort` [ RunTime:0.000591s ]
[ sql ] [ DB ] CONNECT:[ UseTime:0.000380s ] mysql:host=127.0.0.1;port=3306;dbname=jusha;charset=utf8
[ sql ] [ SQL ] SELECT * FROM `clt_field` WHERE  ( moduleid=26 ) ORDER BY `sort` [ RunTime:0.000625s ]
[ sql ] [ DB ] CONNECT:[ UseTime:0.000376s ] mysql:host=127.0.0.1;port=3306;dbname=jusha;charset=utf8
[ sql ] [ SQL ] SELECT * FROM `clt_field` WHERE  ( moduleid=27 ) ORDER BY `sort` [ RunTime:0.000748s ]
[ sql ] [ SQL ] SHOW COLUMNS FROM `clt_admin` [ RunTime:0.000724s ]
[ sql ] [ SQL ] SELECT * FROM `clt_admin` WHERE  `admin_id` <> 1  AND `username` = 'admin' LIMIT 1 [ RunTime:0.000394s ]
[ sql ] [ SQL ] UPDATE `clt_admin`  SET `group_id` = 1 , `username` = 'admin' , `pwd` = 'cc8b7adbe6833ec56019e47f9908ce88' , `avatar` = '/uploads/20180625/f266169c2956429d9aaea6cf6f1e51cb.jpg' , `email` = 'admin@qq.com' , `tel` = '15033332222'  WHERE  `admin_id` = 1 [ RunTime:0.031439s ]
---------------------------------------------------------------
[ 2018-12-24T10:06:42+08:00 ] 124.200.186.50 GET jusha.gitlay.com/admin/auth/adminlist.html
[运行时间：0.039935s] [吞吐率：25.04req/s] [内存消耗：3,982.82kb] [文件加载：80]
[ info ] [ LANG ] /www/wwwroot/jusha/thinkphp/lang/zh-cn.php
[ info ] [ LANG ] /www/wwwroot/jusha/application/admin//lang/zh-cn.php
[ info ] [ ROUTE ] array (
)
[ info ] [ HEADER ] array (
  'cookie' => 'skin=0; PHPSESSID=mak4sdjdg8ti1vgktaeaqhfbou',
  'accept-language' => 'zh-CN,zh;q=0.9',
  'accept-encoding' => 'gzip, deflate',
  'referer' => 'http://jusha.gitlay.com/admin/auth/adminedit.html?admin_id=1',
  'accept' => 'text/html,application/xhtml+xml,application/xml;q=0.9,image/webp,image/apng,*/*;q=0.8',
  'user-agent' => 'Mozilla/5.0 (Windows NT 6.1; Win64; x64) AppleWebKit/537.36 (KHTML, like Gecko) Chrome/71.0.3578.80 Safari/537.36',
  'upgrade-insecure-requests' => '1',
  'connection' => 'keep-alive',
  'host' => 'jusha.gitlay.com',
  'content-type' => '',
  'content-length' => '',
)
[ info ] [ PARAM ] array (
)
[ info ] [ DB ] INIT mysql
[ info ] [ DB ] INIT mysql
[ info ] [ DB ] INIT mysql
[ info ] [ DB ] INIT mysql
[ info ] [ DB ] INIT mysql
[ info ] [ DB ] INIT mysql
[ info ] [ DB ] INIT mysql
[ info ] [ DB ] INIT mysql
[ info ] [ VIEW ] /www/wwwroot/jusha/application/admin/view/auth/admin_list.html [ array (
) ]
[ sql ] [ DB ] CONNECT:[ UseTime:0.000605s ] mysql:host=127.0.0.1;port=3306;dbname=jusha;charset=utf8
[ sql ] [ SQL ] SHOW COLUMNS FROM `clt_field` [ RunTime:0.000928s ]
[ sql ] [ SQL ] SELECT * FROM `clt_field` WHERE  ( moduleid=1 ) ORDER BY `sort` [ RunTime:0.000602s ]
[ sql ] [ DB ] CONNECT:[ UseTime:0.000376s ] mysql:host=127.0.0.1;port=3306;dbname=jusha;charset=utf8
[ sql ] [ SQL ] SELECT * FROM `clt_field` WHERE  ( moduleid=2 ) ORDER BY `sort` [ RunTime:0.000609s ]
[ sql ] [ DB ] CONNECT:[ UseTime:0.000371s ] mysql:host=127.0.0.1;port=3306;dbname=jusha;charset=utf8
[ sql ] [ SQL ] SELECT * FROM `clt_field` WHERE  ( moduleid=3 ) ORDER BY `sort` [ RunTime:0.000567s ]
[ sql ] [ DB ] CONNECT:[ UseTime:0.000362s ] mysql:host=127.0.0.1;port=3306;dbname=jusha;charset=utf8
[ sql ] [ SQL ] SELECT * FROM `clt_field` WHERE  ( moduleid=24 ) ORDER BY `sort` [ RunTime:0.000537s ]
[ sql ] [ DB ] CONNECT:[ UseTime:0.000347s ] mysql:host=127.0.0.1;port=3306;dbname=jusha;charset=utf8
[ sql ] [ SQL ] SELECT * FROM `clt_field` WHERE  ( moduleid=5 ) ORDER BY `sort` [ RunTime:0.000582s ]
[ sql ] [ DB ] CONNECT:[ UseTime:0.000357s ] mysql:host=127.0.0.1;port=3306;dbname=jusha;charset=utf8
[ sql ] [ SQL ] SELECT * FROM `clt_field` WHERE  ( moduleid=25 ) ORDER BY `sort` [ RunTime:0.000572s ]
[ sql ] [ DB ] CONNECT:[ UseTime:0.000348s ] mysql:host=127.0.0.1;port=3306;dbname=jusha;charset=utf8
[ sql ] [ SQL ] SELECT * FROM `clt_field` WHERE  ( moduleid=26 ) ORDER BY `sort` [ RunTime:0.000587s ]
[ sql ] [ DB ] CONNECT:[ UseTime:0.000377s ] mysql:host=127.0.0.1;port=3306;dbname=jusha;charset=utf8
[ sql ] [ SQL ] SELECT * FROM `clt_field` WHERE  ( moduleid=27 ) ORDER BY `sort` [ RunTime:0.000872s ]
---------------------------------------------------------------
[ 2018-12-24T10:06:42+08:00 ] 124.200.186.50 POST jusha.gitlay.com/admin/auth/adminlist.html
[运行时间：0.039803s] [吞吐率：25.12req/s] [内存消耗：3,886.08kb] [文件加载：76]
[ info ] [ LANG ] /www/wwwroot/jusha/thinkphp/lang/zh-cn.php
[ info ] [ LANG ] /www/wwwroot/jusha/application/admin//lang/zh-cn.php
[ info ] [ ROUTE ] array (
)
[ info ] [ HEADER ] array (
  'cookie' => 'skin=0; PHPSESSID=mak4sdjdg8ti1vgktaeaqhfbou',
  'accept-language' => 'zh-CN,zh;q=0.9',
  'accept-encoding' => 'gzip, deflate',
  'referer' => 'http://jusha.gitlay.com/admin/auth/adminlist.html',
  'content-type' => 'application/x-www-form-urlencoded; charset=UTF-8',
  'user-agent' => 'Mozilla/5.0 (Windows NT 6.1; Win64; x64) AppleWebKit/537.36 (KHTML, like Gecko) Chrome/71.0.3578.80 Safari/537.36',
  'x-requested-with' => 'XMLHttpRequest',
  'origin' => 'http://jusha.gitlay.com',
  'accept' => 'application/json, text/javascript, */*; q=0.01',
  'content-length' => '15',
  'connection' => 'keep-alive',
  'host' => 'jusha.gitlay.com',
)
[ info ] [ PARAM ] array (
  'page' => '1',
  'limit' => '10',
)
[ info ] [ DB ] INIT mysql
[ info ] [ DB ] INIT mysql
[ info ] [ DB ] INIT mysql
[ info ] [ DB ] INIT mysql
[ info ] [ DB ] INIT mysql
[ info ] [ DB ] INIT mysql
[ info ] [ DB ] INIT mysql
[ info ] [ DB ] INIT mysql
[ sql ] [ DB ] CONNECT:[ UseTime:0.000607s ] mysql:host=127.0.0.1;port=3306;dbname=jusha;charset=utf8
[ sql ] [ SQL ] SHOW COLUMNS FROM `clt_field` [ RunTime:0.000857s ]
[ sql ] [ SQL ] SELECT * FROM `clt_field` WHERE  ( moduleid=1 ) ORDER BY `sort` [ RunTime:0.000577s ]
[ sql ] [ DB ] CONNECT:[ UseTime:0.000380s ] mysql:host=127.0.0.1;port=3306;dbname=jusha;charset=utf8
[ sql ] [ SQL ] SELECT * FROM `clt_field` WHERE  ( moduleid=2 ) ORDER BY `sort` [ RunTime:0.000581s ]
[ sql ] [ DB ] CONNECT:[ UseTime:0.000351s ] mysql:host=127.0.0.1;port=3306;dbname=jusha;charset=utf8
[ sql ] [ SQL ] SELECT * FROM `clt_field` WHERE  ( moduleid=3 ) ORDER BY `sort` [ RunTime:0.000568s ]
[ sql ] [ DB ] CONNECT:[ UseTime:0.000369s ] mysql:host=127.0.0.1;port=3306;dbname=jusha;charset=utf8
[ sql ] [ SQL ] SELECT * FROM `clt_field` WHERE  ( moduleid=24 ) ORDER BY `sort` [ RunTime:0.000566s ]
[ sql ] [ DB ] CONNECT:[ UseTime:0.000499s ] mysql:host=127.0.0.1;port=3306;dbname=jusha;charset=utf8
[ sql ] [ SQL ] SELECT * FROM `clt_field` WHERE  ( moduleid=5 ) ORDER BY `sort` [ RunTime:0.000589s ]
[ sql ] [ DB ] CONNECT:[ UseTime:0.000342s ] mysql:host=127.0.0.1;port=3306;dbname=jusha;charset=utf8
[ sql ] [ SQL ] SELECT * FROM `clt_field` WHERE  ( moduleid=25 ) ORDER BY `sort` [ RunTime:0.000571s ]
[ sql ] [ DB ] CONNECT:[ UseTime:0.000349s ] mysql:host=127.0.0.1;port=3306;dbname=jusha;charset=utf8
[ sql ] [ SQL ] SELECT * FROM `clt_field` WHERE  ( moduleid=26 ) ORDER BY `sort` [ RunTime:0.000608s ]
[ sql ] [ DB ] CONNECT:[ UseTime:0.000365s ] mysql:host=127.0.0.1;port=3306;dbname=jusha;charset=utf8
[ sql ] [ SQL ] SELECT * FROM `clt_field` WHERE  ( moduleid=27 ) ORDER BY `sort` [ RunTime:0.000702s ]
[ sql ] [ SQL ] SHOW COLUMNS FROM `clt_admin` [ RunTime:0.000714s ]
[ sql ] [ SQL ] SELECT `a`.*,`ag`.`title` FROM `clt_admin` `a` LEFT JOIN `clt_auth_group` `ag` ON `a`.`group_id`=`ag`.`group_id` [ RunTime:0.000449s ]
